src/components/controls/Chat.tsx(5,10): error TS2305: Module '"react-window"' has no exported member 'FixedSizeList'.
src/components/controls/Controls.tsx(386,121): error TS2307: Cannot find module '../types' or its corresponding type declarations.
src/components/game/Grimoire.tsx(12,30): error TS2307: Cannot find module '../hooks/useLongPress' or its corresponding type declarations.
src/components/game/Grimoire.tsx(19,22): error TS2307: Cannot find module '../types' or its corresponding type declarations.
src/components/game/StorytellerMenu.tsx(4,24): error TS2307: Cannot find module './ui/button' or its corresponding type declarations.
src/components/game/StorytellerMenu.tsx(5,58): error TS2307: Cannot find module './ui/card' or its corresponding type declarations.
src/components/history/GameHistoryView.tsx(4,26): error TS2307: Cannot find module './Grimoire' or its corresponding type declarations.
src/components/history/GameHistoryView.tsx(5,29): error TS2307: Cannot find module './VotingChart' or its corresponding type declarations.
src/components/history/HistoryViewer.tsx(4,29): error TS2307: Cannot find module './VotingChart' or its corresponding type declarations.
src/components/lobby/Lobby.tsx(4,24): error TS2307: Cannot find module './ui/button' or its corresponding type declarations.
src/components/lobby/Lobby.tsx(5,87): error TS2307: Cannot find module './ui/card' or its corresponding type declarations.
src/components/lobby/Lobby.tsx(6,35): error TS2307: Cannot find module './ui/BackgroundEffects' or its corresponding type declarations.
src/components/lobby/RoomSelection.tsx(3,33): error TS2307: Cannot find module '../sandboxStore' or its corresponding type declarations.
src/components/lobby/RoomSelection.tsx(4,28): error TS2307: Cannot find module './AdminPanel' or its corresponding type declarations.
src/components/lobby/RoomSelection.tsx(5,24): error TS2307: Cannot find module './ui/button' or its corresponding type declarations.
src/components/lobby/RoomSelection.tsx(6,75): error TS2307: Cannot find module './ui/card' or its corresponding type declarations.
src/components/lobby/RoomSelection.tsx(7,35): error TS2307: Cannot find module './ui/BackgroundEffects' or its corresponding type declarations.
src/components/sandbox/SandboxView.tsx(2,33): error TS2307: Cannot find module '../sandboxStore' or its corresponding type declarations.
src/components/sandbox/SandboxView.tsx(3,43): error TS2307: Cannot find module './Toast' or its corresponding type declarations.
src/components/sandbox/SandboxView.tsx(4,36): error TS2307: Cannot find module './RoleReferencePanel' or its corresponding type declarations.
src/components/script/ScriptManager.tsx(4,40): error TS2307: Cannot find module './Toast' or its corresponding type declarations.
src/store/slices/createConnectionSlice.ts(25,44): error TS2307: Cannot find module '../../components/Toast' or its corresponding type declarations.
src/store/slices/createConnectionSlice.ts(85,70): error TS2721: Cannot invoke an object which is possibly 'null'.
src/store/slices/createConnectionSlice.ts(87,70): error TS2721: Cannot invoke an object which is possibly 'null'.
src/store/slices/createConnectionSlice.ts(95,66): error TS2721: Cannot invoke an object which is possibly 'null'.
src/store/slices/createConnectionSlice.ts(201,66): error TS2721: Cannot invoke an object which is possibly 'null'.
src/store/utils.test.ts(53,14): error TS2532: Object is possibly 'undefined'.
src/store/utils.test.ts(59,14): error TS18048: 'secretState.seats' is possibly 'undefined'.
src/store/utils.test.ts(59,14): error TS2532: Object is possibly 'undefined'.
src/store/utils.test.ts(68,14): error TS2532: Object is possibly 'undefined'.
