{"/workspaces/game-helper-demo02/src/components/game/ActionConfirmModal.tsx": {"path":"/workspaces/game-helper-demo02/src/components/game/ActionConfirmModal.tsx","statementMap":{"0":{"start":{"line":25,"column":69},"end":{"line":151,"column":null}},"1":{"start":{"line":34,"column":2},"end":{"line":34,"column":null}},"2":{"start":{"line":34,"column":16},"end":{"line":34,"column":null}},"3":{"start":{"line":36,"column":18},"end":{"line":47,"column":null}},"4":{"start":{"line":37,"column":4},"end":{"line":37,"column":null}},"5":{"start":{"line":37,"column":22},"end":{"line":37,"column":null}},"6":{"start":{"line":38,"column":4},"end":{"line":46,"column":null}},"7":{"start":{"line":40,"column":8},"end":{"line":40,"column":null}},"8":{"start":{"line":42,"column":8},"end":{"line":42,"column":null}},"9":{"start":{"line":45,"column":8},"end":{"line":45,"column":null}},"10":{"start":{"line":49,"column":22},"end":{"line":58,"column":null}},"11":{"start":{"line":50,"column":4},"end":{"line":57,"column":null}},"12":{"start":{"line":52,"column":8},"end":{"line":52,"column":null}},"13":{"start":{"line":54,"column":8},"end":{"line":54,"column":null}},"14":{"start":{"line":56,"column":8},"end":{"line":56,"column":null}},"15":{"start":{"line":60,"column":2},"end":{"line":149,"column":null}},"16":{"start":{"line":76,"column":28},"end":{"line":76,"column":null}},"17":{"start":{"line":104,"column":37},"end":{"line":104,"column":null}}},"fnMap":{"0":{"name":"(anonymous_0)","decl":{"start":{"line":25,"column":69},"end":{"line":25,"column":70}},"loc":{"start":{"line":33,"column":6},"end":{"line":151,"column":null}},"line":33},"1":{"name":"(anonymous_1)","decl":{"start":{"line":36,"column":18},"end":{"line":36,"column":24}},"loc":{"start":{"line":36,"column":24},"end":{"line":47,"column":null}},"line":36},"2":{"name":"(anonymous_2)","decl":{"start":{"line":49,"column":22},"end":{"line":49,"column":28}},"loc":{"start":{"line":49,"column":28},"end":{"line":58,"column":null}},"line":49},"3":{"name":"(anonymous_3)","decl":{"start":{"line":76,"column":21},"end":{"line":76,"column":22}},"loc":{"start":{"line":76,"column":28},"end":{"line":76,"column":null}},"line":76},"4":{"name":"(anonymous_4)","decl":{"start":{"line":104,"column":30},"end":{"line":104,"column":31}},"loc":{"start":{"line":104,"column":37},"end":{"line":104,"column":null}},"line":104}},"branchMap":{"0":{"loc":{"start":{"line":28,"column":2},"end":{"line":28,"column":null}},"type":"default-arg","locations":[{"start":{"line":28,"column":15},"end":{"line":28,"column":null}}],"line":28},"1":{"loc":{"start":{"line":34,"column":2},"end":{"line":34,"column":null}},"type":"if","locations":[{"start":{"line":34,"column":2},"end":{"line":34,"column":null}},{"start":{},"end":{}}],"line":34},"2":{"loc":{"start":{"line":37,"column":4},"end":{"line":37,"column":null}},"type":"if","locations":[{"start":{"line":37,"column":4},"end":{"line":37,"column":null}},{"start":{},"end":{}}],"line":37},"3":{"loc":{"start":{"line":38,"column":4},"end":{"line":46,"column":null}},"type":"switch","locations":[{"start":{"line":39,"column":6},"end":{"line":40,"column":null}},{"start":{"line":41,"column":6},"end":{"line":42,"column":null}},{"start":{"line":43,"column":6},"end":{"line":43,"column":null}},{"start":{"line":44,"column":6},"end":{"line":45,"column":null}}],"line":38},"4":{"loc":{"start":{"line":50,"column":4},"end":{"line":57,"column":null}},"type":"switch","locations":[{"start":{"line":51,"column":6},"end":{"line":52,"column":null}},{"start":{"line":53,"column":6},"end":{"line":54,"column":null}},{"start":{"line":55,"column":6},"end":{"line":56,"column":null}}],"line":50},"5":{"loc":{"start":{"line":62,"column":7},"end":{"line":147,"column":null}},"type":"binary-expr","locations":[{"start":{"line":62,"column":7},"end":{"line":62,"column":null}},{"start":{"line":63,"column":8},"end":{"line":147,"column":null}}],"line":62},"6":{"loc":{"start":{"line":101,"column":17},"end":{"line":111,"column":null}},"type":"binary-expr","locations":[{"start":{"line":101,"column":17},"end":{"line":101,"column":54}},{"start":{"line":101,"column":54},"end":{"line":101,"column":null}},{"start":{"line":102,"column":18},"end":{"line":111,"column":null}}],"line":101},"7":{"loc":{"start":{"line":122,"column":19},"end":{"line":122,"column":null}},"type":"binary-expr","locations":[{"start":{"line":122,"column":19},"end":{"line":122,"column":41}},{"start":{"line":122,"column":41},"end":{"line":122,"column":null}}],"line":122},"8":{"loc":{"start":{"line":125,"column":17},"end":{"line":133,"column":null}},"type":"binary-expr","locations":[{"start":{"line":125,"column":17},"end":{"line":125,"column":54}},{"start":{"line":125,"column":54},"end":{"line":125,"column":null}},{"start":{"line":126,"column":18},"end":{"line":133,"column":null}}],"line":125},"9":{"loc":{"start":{"line":132,"column":21},"end":{"line":132,"column":null}},"type":"binary-expr","locations":[{"start":{"line":132,"column":21},"end":{"line":132,"column":43}},{"start":{"line":132,"column":43},"end":{"line":132,"column":null}}],"line":132},"10":{"loc":{"start":{"line":142,"column":19},"end":{"line":142,"column":null}},"type":"binary-expr","locations":[{"start":{"line":142,"column":19},"end":{"line":142,"column":42}},{"start":{"line":142,"column":42},"end":{"line":142,"column":null}}],"line":142}},"s":{"0":0,"1":0,"2":0,"3":0,"4":0,"5":0,"6":0,"7":0,"8":0,"9":0,"10":0,"11":0,"12":0,"13":0,"14":0,"15":0,"16":0,"17":0},"f":{"0":0,"1":0,"2":0,"3":0,"4":0},"b":{"0":[0],"1":[0,0],"2":[0,0],"3":[0,0,0,0],"4":[0,0,0],"5":[0,0],"6":[0,0,0],"7":[0,0],"8":[0,0,0],"9":[0,0],"10":[0,0]},"meta":{"lastBranch":11,"lastFunction":5,"lastStatement":18,"seen":{"s:25:69:151:Infinity":0,"f:25:69:25:70":0,"b:28:15:28:Infinity":0,"b:34:2:34:Infinity:undefined:undefined:undefined:undefined":1,"s:34:2:34:Infinity":1,"s:34:16:34:Infinity":2,"s:36:18:47:Infinity":3,"f:36:18:36:24":1,"b:37:4:37:Infinity:undefined:undefined:undefined:undefined":2,"s:37:4:37:Infinity":4,"s:37:22:37:Infinity":5,"b:39:6:40:Infinity:41:6:42:Infinity:43:6:43:Infinity:44:6:45:Infinity":3,"s:38:4:46:Infinity":6,"s:40:8:40:Infinity":7,"s:42:8:42:Infinity":8,"s:45:8:45:Infinity":9,"s:49:22:58:Infinity":10,"f:49:22:49:28":2,"b:51:6:52:Infinity:53:6:54:Infinity:55:6:56:Infinity":4,"s:50:4:57:Infinity":11,"s:52:8:52:Infinity":12,"s:54:8:54:Infinity":13,"s:56:8:56:Infinity":14,"s:60:2:149:Infinity":15,"b:62:7:62:Infinity:63:8:147:Infinity":5,"f:76:21:76:22":3,"s:76:28:76:Infinity":16,"b:101:17:101:54:101:54:101:Infinity:102:18:111:Infinity":6,"f:104:30:104:31":4,"s:104:37:104:Infinity":17,"b:122:19:122:41:122:41:122:Infinity":7,"b:125:17:125:54:125:54:125:Infinity:126:18:133:Infinity":8,"b:132:21:132:43:132:43:132:Infinity":9,"b:142:19:142:42:142:42:142:Infinity":10}}}
,"/workspaces/game-helper-demo02/src/components/game/ActiveAbilityButton.tsx": {"path":"/workspaces/game-helper-demo02/src/components/game/ActiveAbilityButton.tsx","statementMap":{"0":{"start":{"line":13,"column":5},"end":{"line":54,"column":null}},"1":{"start":{"line":62,"column":71},"end":{"line":166,"column":null}},"2":{"start":{"line":63,"column":10},"end":{"line":63,"column":null}},"3":{"start":{"line":63,"column":42},"end":{"line":63,"column":59}},"4":{"start":{"line":64,"column":34},"end":{"line":64,"column":null}},"5":{"start":{"line":65,"column":38},"end":{"line":65,"column":null}},"6":{"start":{"line":67,"column":26},"end":{"line":67,"column":null}},"7":{"start":{"line":70,"column":4},"end":{"line":70,"column":null}},"8":{"start":{"line":70,"column":24},"end":{"line":70,"column":null}},"9":{"start":{"line":73,"column":4},"end":{"line":82,"column":null}},"10":{"start":{"line":74,"column":8},"end":{"line":80,"column":null}},"11":{"start":{"line":85,"column":19},"end":{"line":85,"column":null}},"12":{"start":{"line":87,"column":27},"end":{"line":95,"column":null}},"13":{"start":{"line":88,"column":8},"end":{"line":94,"column":null}},"14":{"start":{"line":89,"column":12},"end":{"line":89,"column":null}},"15":{"start":{"line":92,"column":12},"end":{"line":92,"column":null}},"16":{"start":{"line":93,"column":12},"end":{"line":93,"column":null}},"17":{"start":{"line":97,"column":31},"end":{"line":103,"column":null}},"18":{"start":{"line":98,"column":8},"end":{"line":102,"column":null}},"19":{"start":{"line":99,"column":12},"end":{"line":99,"column":null}},"20":{"start":{"line":100,"column":12},"end":{"line":100,"column":null}},"21":{"start":{"line":101,"column":12},"end":{"line":101,"column":null}},"22":{"start":{"line":105,"column":4},"end":{"line":164,"column":null}},"23":{"start":{"line":129,"column":116},"end":{"line":129,"column":null}},"24":{"start":{"line":130,"column":119},"end":{"line":130,"column":null}},"25":{"start":{"line":140,"column":43},"end":{"line":140,"column":null}},"26":{"start":{"line":148,"column":47},"end":{"line":148,"column":null}}},"fnMap":{"0":{"name":"(anonymous_0)","decl":{"start":{"line":62,"column":71},"end":{"line":62,"column":72}},"loc":{"start":{"line":62,"column":102},"end":{"line":166,"column":null}},"line":62},"1":{"name":"(anonymous_1)","decl":{"start":{"line":63,"column":33},"end":{"line":63,"column":42}},"loc":{"start":{"line":63,"column":42},"end":{"line":63,"column":59}},"line":63},"2":{"name":"(anonymous_2)","decl":{"start":{"line":87,"column":27},"end":{"line":87,"column":33}},"loc":{"start":{"line":87,"column":33},"end":{"line":95,"column":null}},"line":87},"3":{"name":"(anonymous_3)","decl":{"start":{"line":97,"column":31},"end":{"line":97,"column":37}},"loc":{"start":{"line":97,"column":37},"end":{"line":103,"column":null}},"line":97},"4":{"name":"(anonymous_4)","decl":{"start":{"line":129,"column":110},"end":{"line":129,"column":116}},"loc":{"start":{"line":129,"column":116},"end":{"line":129,"column":null}},"line":129},"5":{"name":"(anonymous_5)","decl":{"start":{"line":130,"column":114},"end":{"line":130,"column":119}},"loc":{"start":{"line":130,"column":119},"end":{"line":130,"column":null}},"line":130},"6":{"name":"(anonymous_6)","decl":{"start":{"line":140,"column":38},"end":{"line":140,"column":43}},"loc":{"start":{"line":140,"column":43},"end":{"line":140,"column":null}},"line":140},"7":{"name":"(anonymous_7)","decl":{"start":{"line":148,"column":41},"end":{"line":148,"column":47}},"loc":{"start":{"line":148,"column":47},"end":{"line":148,"column":null}},"line":148}},"branchMap":{"0":{"loc":{"start":{"line":70,"column":4},"end":{"line":70,"column":null}},"type":"if","locations":[{"start":{"line":70,"column":4},"end":{"line":70,"column":null}},{"start":{},"end":{}}],"line":70},"1":{"loc":{"start":{"line":73,"column":4},"end":{"line":82,"column":null}},"type":"if","locations":[{"start":{"line":73,"column":4},"end":{"line":82,"column":null}},{"start":{},"end":{}}],"line":73},"2":{"loc":{"start":{"line":85,"column":19},"end":{"line":85,"column":null}},"type":"binary-expr","locations":[{"start":{"line":85,"column":19},"end":{"line":85,"column":52}},{"start":{"line":85,"column":52},"end":{"line":85,"column":null}}],"line":85},"3":{"loc":{"start":{"line":88,"column":8},"end":{"line":94,"column":null}},"type":"if","locations":[{"start":{"line":88,"column":8},"end":{"line":94,"column":null}},{"start":{"line":90,"column":15},"end":{"line":94,"column":null}}],"line":88},"4":{"loc":{"start":{"line":98,"column":8},"end":{"line":102,"column":null}},"type":"if","locations":[{"start":{"line":98,"column":8},"end":{"line":102,"column":null}},{"start":{},"end":{}}],"line":98},"5":{"loc":{"start":{"line":112,"column":24},"end":{"line":114,"column":null}},"type":"cond-expr","locations":[{"start":{"line":113,"column":30},"end":{"line":113,"column":null}},{"start":{"line":114,"column":30},"end":{"line":114,"column":null}}],"line":112},"6":{"loc":{"start":{"line":120,"column":17},"end":{"line":123,"column":null}},"type":"binary-expr","locations":[{"start":{"line":120,"column":17},"end":{"line":120,"column":null}},{"start":{"line":121,"column":20},"end":{"line":123,"column":null}}],"line":120},"7":{"loc":{"start":{"line":122,"column":27},"end":{"line":122,"column":73}},"type":"cond-expr","locations":[{"start":{"line":122,"column":59},"end":{"line":122,"column":66}},{"start":{"line":122,"column":66},"end":{"line":122,"column":73}}],"line":122},"8":{"loc":{"start":{"line":128,"column":13},"end":{"line":162,"column":null}},"type":"binary-expr","locations":[{"start":{"line":128,"column":13},"end":{"line":128,"column":null}},{"start":{"line":129,"column":16},"end":{"line":162,"column":null}}],"line":128}},"s":{"0":0,"1":0,"2":0,"3":0,"4":0,"5":0,"6":0,"7":0,"8":0,"9":0,"10":0,"11":0,"12":0,"13":0,"14":0,"15":0,"16":0,"17":0,"18":0,"19":0,"20":0,"21":0,"22":0,"23":0,"24":0,"25":0,"26":0},"f":{"0":0,"1":0,"2":0,"3":0,"4":0,"5":0,"6":0,"7":0},"b":{"0":[0,0],"1":[0,0],"2":[0,0],"3":[0,0],"4":[0,0],"5":[0,0],"6":[0,0],"7":[0,0],"8":[0,0]},"meta":{"lastBranch":9,"lastFunction":8,"lastStatement":27,"seen":{"s:13:5:54:Infinity":0,"s:62:71:166:Infinity":1,"f:62:71:62:72":0,"s:63:10:63:Infinity":2,"f:63:33:63:42":1,"s:63:42:63:59":3,"s:64:34:64:Infinity":4,"s:65:38:65:Infinity":5,"s:67:26:67:Infinity":6,"b:70:4:70:Infinity:undefined:undefined:undefined:undefined":0,"s:70:4:70:Infinity":7,"s:70:24:70:Infinity":8,"b:73:4:82:Infinity:undefined:undefined:undefined:undefined":1,"s:73:4:82:Infinity":9,"s:74:8:80:Infinity":10,"s:85:19:85:Infinity":11,"b:85:19:85:52:85:52:85:Infinity":2,"s:87:27:95:Infinity":12,"f:87:27:87:33":2,"b:88:8:94:Infinity:90:15:94:Infinity":3,"s:88:8:94:Infinity":13,"s:89:12:89:Infinity":14,"s:92:12:92:Infinity":15,"s:93:12:93:Infinity":16,"s:97:31:103:Infinity":17,"f:97:31:97:37":3,"b:98:8:102:Infinity:undefined:undefined:undefined:undefined":4,"s:98:8:102:Infinity":18,"s:99:12:99:Infinity":19,"s:100:12:100:Infinity":20,"s:101:12:101:Infinity":21,"s:105:4:164:Infinity":22,"b:113:30:113:Infinity:114:30:114:Infinity":5,"b:120:17:120:Infinity:121:20:123:Infinity":6,"b:122:59:122:66:122:66:122:73":7,"b:128:13:128:Infinity:129:16:162:Infinity":8,"f:129:110:129:116":4,"s:129:116:129:Infinity":23,"f:130:114:130:119":5,"s:130:119:130:Infinity":24,"f:140:38:140:43":6,"s:140:43:140:Infinity":25,"f:148:41:148:47":7,"s:148:47:148:Infinity":26}}}
,"/workspaces/game-helper-demo02/src/components/game/CandlelightOverlay.tsx": {"path":"/workspaces/game-helper-demo02/src/components/game/CandlelightOverlay.tsx","statementMap":{"0":{"start":{"line":18,"column":69},"end":{"line":173,"column":null}},"1":{"start":{"line":19,"column":8},"end":{"line":19,"column":null}},"2":{"start":{"line":20,"column":8},"end":{"line":20,"column":null}},"3":{"start":{"line":21,"column":8},"end":{"line":21,"column":null}},"4":{"start":{"line":22,"column":8},"end":{"line":22,"column":null}},"5":{"start":{"line":23,"column":8},"end":{"line":23,"column":null}},"6":{"start":{"line":26,"column":24},"end":{"line":26,"column":null}},"7":{"start":{"line":27,"column":28},"end":{"line":27,"column":null}},"8":{"start":{"line":28,"column":20},"end":{"line":28,"column":null}},"9":{"start":{"line":29,"column":27},"end":{"line":29,"column":null}},"10":{"start":{"line":32,"column":8},"end":{"line":40,"column":null}},"11":{"start":{"line":33,"column":17},"end":{"line":33,"column":null}},"12":{"start":{"line":34,"column":4},"end":{"line":39,"column":null}},"13":{"start":{"line":35,"column":6},"end":{"line":38,"column":null}},"14":{"start":{"line":43,"column":2},"end":{"line":127,"column":null}},"15":{"start":{"line":44,"column":19},"end":{"line":44,"column":null}},"16":{"start":{"line":45,"column":4},"end":{"line":45,"column":null}},"17":{"start":{"line":45,"column":17},"end":{"line":45,"column":null}},"18":{"start":{"line":47,"column":16},"end":{"line":47,"column":null}},"19":{"start":{"line":48,"column":4},"end":{"line":48,"column":null}},"20":{"start":{"line":48,"column":14},"end":{"line":48,"column":null}},"21":{"start":{"line":50,"column":25},"end":{"line":50,"column":null}},"22":{"start":{"line":52,"column":19},"end":{"line":113,"column":null}},"23":{"start":{"line":54,"column":6},"end":{"line":54,"column":null}},"24":{"start":{"line":55,"column":6},"end":{"line":55,"column":null}},"25":{"start":{"line":58,"column":6},"end":{"line":58,"column":null}},"26":{"start":{"line":59,"column":6},"end":{"line":59,"column":null}},"27":{"start":{"line":61,"column":22},"end":{"line":61,"column":null}},"28":{"start":{"line":62,"column":22},"end":{"line":62,"column":null}},"29":{"start":{"line":65,"column":30},"end":{"line":65,"column":null}},"30":{"start":{"line":68,"column":6},"end":{"line":68,"column":null}},"31":{"start":{"line":71,"column":6},"end":{"line":71,"column":null}},"32":{"start":{"line":72,"column":6},"end":{"line":72,"column":null}},"33":{"start":{"line":73,"column":6},"end":{"line":73,"column":null}},"34":{"start":{"line":76,"column":23},"end":{"line":79,"column":null}},"35":{"start":{"line":82,"column":6},"end":{"line":82,"column":null}},"36":{"start":{"line":83,"column":6},"end":{"line":83,"column":null}},"37":{"start":{"line":84,"column":6},"end":{"line":84,"column":null}},"38":{"start":{"line":85,"column":6},"end":{"line":85,"column":null}},"39":{"start":{"line":86,"column":6},"end":{"line":86,"column":null}},"40":{"start":{"line":89,"column":6},"end":{"line":89,"column":null}},"41":{"start":{"line":90,"column":6},"end":{"line":90,"column":null}},"42":{"start":{"line":91,"column":6},"end":{"line":91,"column":null}},"43":{"start":{"line":92,"column":6},"end":{"line":92,"column":null}},"44":{"start":{"line":93,"column":6},"end":{"line":93,"column":null}},"45":{"start":{"line":96,"column":6},"end":{"line":96,"column":null}},"46":{"start":{"line":97,"column":23},"end":{"line":100,"column":null}},"47":{"start":{"line":101,"column":6},"end":{"line":101,"column":null}},"48":{"start":{"line":102,"column":6},"end":{"line":102,"column":null}},"49":{"start":{"line":103,"column":6},"end":{"line":103,"column":null}},"50":{"start":{"line":105,"column":6},"end":{"line":105,"column":null}},"51":{"start":{"line":106,"column":6},"end":{"line":106,"column":null}},"52":{"start":{"line":107,"column":6},"end":{"line":107,"column":null}},"53":{"start":{"line":108,"column":6},"end":{"line":108,"column":null}},"54":{"start":{"line":110,"column":6},"end":{"line":110,"column":null}},"55":{"start":{"line":112,"column":6},"end":{"line":112,"column":null}},"56":{"start":{"line":115,"column":4},"end":{"line":115,"column":null}},"57":{"start":{"line":118,"column":36},"end":{"line":118,"column":null}},"58":{"start":{"line":118,"column":57},"end":{"line":118,"column":null}},"59":{"start":{"line":119,"column":4},"end":{"line":119,"column":null}},"60":{"start":{"line":121,"column":4},"end":{"line":126,"column":null}},"61":{"start":{"line":122,"column":6},"end":{"line":124,"column":null}},"62":{"start":{"line":123,"column":8},"end":{"line":123,"column":null}},"63":{"start":{"line":125,"column":6},"end":{"line":125,"column":null}},"64":{"start":{"line":130,"column":2},"end":{"line":130,"column":null}},"65":{"start":{"line":130,"column":17},"end":{"line":130,"column":null}},"66":{"start":{"line":132,"column":2},"end":{"line":171,"column":null}},"67":{"start":{"line":183,"column":67},"end":{"line":207,"column":null}},"68":{"start":{"line":184,"column":2},"end":{"line":205,"column":null}}},"fnMap":{"0":{"name":"(anonymous_0)","decl":{"start":{"line":18,"column":69},"end":{"line":18,"column":70}},"loc":{"start":{"line":18,"column":109},"end":{"line":173,"column":null}},"line":18},"1":{"name":"(anonymous_1)","decl":{"start":{"line":32,"column":40},"end":{"line":32,"column":41}},"loc":{"start":{"line":32,"column":82},"end":{"line":40,"column":5}},"line":32},"2":{"name":"(anonymous_2)","decl":{"start":{"line":43,"column":12},"end":{"line":43,"column":18}},"loc":{"start":{"line":43,"column":18},"end":{"line":127,"column":5}},"line":43},"3":{"name":"(anonymous_3)","decl":{"start":{"line":52,"column":19},"end":{"line":52,"column":20}},"loc":{"start":{"line":52,"column":37},"end":{"line":113,"column":null}},"line":52},"4":{"name":"(anonymous_4)","decl":{"start":{"line":118,"column":36},"end":{"line":118,"column":37}},"loc":{"start":{"line":118,"column":57},"end":{"line":118,"column":null}},"line":118},"5":{"name":"(anonymous_5)","decl":{"start":{"line":121,"column":11},"end":{"line":121,"column":17}},"loc":{"start":{"line":121,"column":17},"end":{"line":126,"column":null}},"line":121},"6":{"name":"(anonymous_6)","decl":{"start":{"line":183,"column":67},"end":{"line":183,"column":68}},"loc":{"start":{"line":183,"column":94},"end":{"line":207,"column":null}},"line":183}},"branchMap":{"0":{"loc":{"start":{"line":18,"column":87},"end":{"line":18,"column":103}},"type":"default-arg","locations":[{"start":{"line":18,"column":98},"end":{"line":18,"column":103}}],"line":18},"1":{"loc":{"start":{"line":34,"column":4},"end":{"line":39,"column":null}},"type":"if","locations":[{"start":{"line":34,"column":4},"end":{"line":39,"column":null}},{"start":{},"end":{}}],"line":34},"2":{"loc":{"start":{"line":45,"column":4},"end":{"line":45,"column":null}},"type":"if","locations":[{"start":{"line":45,"column":4},"end":{"line":45,"column":null}},{"start":{},"end":{}}],"line":45},"3":{"loc":{"start":{"line":48,"column":4},"end":{"line":48,"column":null}},"type":"if","locations":[{"start":{"line":48,"column":4},"end":{"line":48,"column":null}},{"start":{},"end":{}}],"line":48},"4":{"loc":{"start":{"line":122,"column":6},"end":{"line":124,"column":null}},"type":"if","locations":[{"start":{"line":122,"column":6},"end":{"line":124,"column":null}},{"start":{},"end":{}}],"line":122},"5":{"loc":{"start":{"line":130,"column":2},"end":{"line":130,"column":null}},"type":"if","locations":[{"start":{"line":130,"column":2},"end":{"line":130,"column":null}},{"start":{},"end":{}}],"line":130},"6":{"loc":{"start":{"line":189,"column":10},"end":{"line":191,"column":null}},"type":"cond-expr","locations":[{"start":{"line":190,"column":12},"end":{"line":190,"column":null}},{"start":{"line":191,"column":12},"end":{"line":191,"column":null}}],"line":189},"7":{"loc":{"start":{"line":195,"column":13},"end":{"line":195,"column":null}},"type":"cond-expr","locations":[{"start":{"line":195,"column":23},"end":{"line":195,"column":34}},{"start":{"line":195,"column":34},"end":{"line":195,"column":null}}],"line":195},"8":{"loc":{"start":{"line":197,"column":7},"end":{"line":200,"column":null}},"type":"cond-expr","locations":[{"start":{"line":198,"column":8},"end":{"line":198,"column":null}},{"start":{"line":200,"column":8},"end":{"line":200,"column":null}}],"line":197},"9":{"loc":{"start":{"line":203,"column":9},"end":{"line":203,"column":null}},"type":"cond-expr","locations":[{"start":{"line":203,"column":19},"end":{"line":203,"column":28}},{"start":{"line":203,"column":28},"end":{"line":203,"column":null}}],"line":203}},"s":{"0":0,"1":0,"2":0,"3":0,"4":0,"5":0,"6":0,"7":0,"8":0,"9":0,"10":0,"11":0,"12":0,"13":0,"14":0,"15":0,"16":0,"17":0,"18":0,"19":0,"20":0,"21":0,"22":0,"23":0,"24":0,"25":0,"26":0,"27":0,"28":0,"29":0,"30":0,"31":0,"32":0,"33":0,"34":0,"35":0,"36":0,"37":0,"38":0,"39":0,"40":0,"41":0,"42":0,"43":0,"44":0,"45":0,"46":0,"47":0,"48":0,"49":0,"50":0,"51":0,"52":0,"53":0,"54":0,"55":0,"56":0,"57":0,"58":0,"59":0,"60":0,"61":0,"62":0,"63":0,"64":0,"65":0,"66":0,"67":0,"68":0},"f":{"0":0,"1":0,"2":0,"3":0,"4":0,"5":0,"6":0},"b":{"0":[0],"1":[0,0],"2":[0,0],"3":[0,0],"4":[0,0],"5":[0,0],"6":[0,0],"7":[0,0],"8":[0,0],"9":[0,0]},"meta":{"lastBranch":10,"lastFunction":7,"lastStatement":69,"seen":{"s:18:69:173:Infinity":0,"f:18:69:18:70":0,"b:18:98:18:103":0,"s:19:8:19:Infinity":1,"s:20:8:20:Infinity":2,"s:21:8:21:Infinity":3,"s:22:8:22:Infinity":4,"s:23:8:23:Infinity":5,"s:26:24:26:Infinity":6,"s:27:28:27:Infinity":7,"s:28:20:28:Infinity":8,"s:29:27:29:Infinity":9,"s:32:8:40:Infinity":10,"f:32:40:32:41":1,"s:33:17:33:Infinity":11,"b:34:4:39:Infinity:undefined:undefined:undefined:undefined":1,"s:34:4:39:Infinity":12,"s:35:6:38:Infinity":13,"s:43:2:127:Infinity":14,"f:43:12:43:18":2,"s:44:19:44:Infinity":15,"b:45:4:45:Infinity:undefined:undefined:undefined:undefined":2,"s:45:4:45:Infinity":16,"s:45:17:45:Infinity":17,"s:47:16:47:Infinity":18,"b:48:4:48:Infinity:undefined:undefined:undefined:undefined":3,"s:48:4:48:Infinity":19,"s:48:14:48:Infinity":20,"s:50:25:50:Infinity":21,"s:52:19:113:Infinity":22,"f:52:19:52:20":3,"s:54:6:54:Infinity":23,"s:55:6:55:Infinity":24,"s:58:6:58:Infinity":25,"s:59:6:59:Infinity":26,"s:61:22:61:Infinity":27,"s:62:22:62:Infinity":28,"s:65:30:65:Infinity":29,"s:68:6:68:Infinity":30,"s:71:6:71:Infinity":31,"s:72:6:72:Infinity":32,"s:73:6:73:Infinity":33,"s:76:23:79:Infinity":34,"s:82:6:82:Infinity":35,"s:83:6:83:Infinity":36,"s:84:6:84:Infinity":37,"s:85:6:85:Infinity":38,"s:86:6:86:Infinity":39,"s:89:6:89:Infinity":40,"s:90:6:90:Infinity":41,"s:91:6:91:Infinity":42,"s:92:6:92:Infinity":43,"s:93:6:93:Infinity":44,"s:96:6:96:Infinity":45,"s:97:23:100:Infinity":46,"s:101:6:101:Infinity":47,"s:102:6:102:Infinity":48,"s:103:6:103:Infinity":49,"s:105:6:105:Infinity":50,"s:106:6:106:Infinity":51,"s:107:6:107:Infinity":52,"s:108:6:108:Infinity":53,"s:110:6:110:Infinity":54,"s:112:6:112:Infinity":55,"s:115:4:115:Infinity":56,"s:118:36:118:Infinity":57,"f:118:36:118:37":4,"s:118:57:118:Infinity":58,"s:119:4:119:Infinity":59,"s:121:4:126:Infinity":60,"f:121:11:121:17":5,"b:122:6:124:Infinity:undefined:undefined:undefined:undefined":4,"s:122:6:124:Infinity":61,"s:123:8:123:Infinity":62,"s:125:6:125:Infinity":63,"b:130:2:130:Infinity:undefined:undefined:undefined:undefined":5,"s:130:2:130:Infinity":64,"s:130:17:130:Infinity":65,"s:132:2:171:Infinity":66,"s:183:67:207:Infinity":67,"f:183:67:183:68":6,"s:184:2:205:Infinity":68,"b:190:12:190:Infinity:191:12:191:Infinity":6,"b:195:23:195:34:195:34:195:Infinity":7,"b:198:8:198:Infinity:200:8:200:Infinity":8,"b:203:19:203:28:203:28:203:Infinity":9}}}
,"/workspaces/game-helper-demo02/src/components/game/ChainReactionModal.tsx": {"path":"/workspaces/game-helper-demo02/src/components/game/ChainReactionModal.tsx","statementMap":{"0":{"start":{"line":24,"column":69},"end":{"line":154,"column":null}},"1":{"start":{"line":31,"column":23},"end":{"line":31,"column":null}},"2":{"start":{"line":33,"column":2},"end":{"line":33,"column":null}},"3":{"start":{"line":33,"column":32},"end":{"line":33,"column":null}},"4":{"start":{"line":35,"column":18},"end":{"line":48,"column":null}},"5":{"start":{"line":36,"column":4},"end":{"line":47,"column":null}},"6":{"start":{"line":38,"column":8},"end":{"line":38,"column":null}},"7":{"start":{"line":40,"column":8},"end":{"line":40,"column":null}},"8":{"start":{"line":42,"column":8},"end":{"line":42,"column":null}},"9":{"start":{"line":44,"column":8},"end":{"line":44,"column":null}},"10":{"start":{"line":46,"column":8},"end":{"line":46,"column":null}},"11":{"start":{"line":50,"column":25},"end":{"line":59,"column":null}},"12":{"start":{"line":51,"column":4},"end":{"line":58,"column":null}},"13":{"start":{"line":53,"column":8},"end":{"line":53,"column":null}},"14":{"start":{"line":55,"column":8},"end":{"line":55,"column":null}},"15":{"start":{"line":57,"column":8},"end":{"line":57,"column":null}},"16":{"start":{"line":61,"column":25},"end":{"line":72,"column":null}},"17":{"start":{"line":62,"column":4},"end":{"line":71,"column":null}},"18":{"start":{"line":64,"column":8},"end":{"line":64,"column":null}},"19":{"start":{"line":66,"column":8},"end":{"line":66,"column":null}},"20":{"start":{"line":68,"column":8},"end":{"line":68,"column":null}},"21":{"start":{"line":70,"column":8},"end":{"line":70,"column":null}},"22":{"start":{"line":74,"column":2},"end":{"line":152,"column":null}},"23":{"start":{"line":89,"column":26},"end":{"line":89,"column":null}},"24":{"start":{"line":126,"column":63},"end":{"line":126,"column":69}},"25":{"start":{"line":137,"column":31},"end":{"line":137,"column":null}},"26":{"start":{"line":144,"column":31},"end":{"line":144,"column":null}}},"fnMap":{"0":{"name":"(anonymous_0)","decl":{"start":{"line":24,"column":69},"end":{"line":24,"column":70}},"loc":{"start":{"line":30,"column":6},"end":{"line":154,"column":null}},"line":30},"1":{"name":"(anonymous_1)","decl":{"start":{"line":35,"column":18},"end":{"line":35,"column":24}},"loc":{"start":{"line":35,"column":24},"end":{"line":48,"column":null}},"line":35},"2":{"name":"(anonymous_2)","decl":{"start":{"line":50,"column":25},"end":{"line":50,"column":31}},"loc":{"start":{"line":50,"column":31},"end":{"line":59,"column":null}},"line":50},"3":{"name":"(anonymous_3)","decl":{"start":{"line":61,"column":25},"end":{"line":61,"column":31}},"loc":{"start":{"line":61,"column":31},"end":{"line":72,"column":null}},"line":61},"4":{"name":"(anonymous_4)","decl":{"start":{"line":89,"column":19},"end":{"line":89,"column":20}},"loc":{"start":{"line":89,"column":26},"end":{"line":89,"column":null}},"line":89},"5":{"name":"(anonymous_5)","decl":{"start":{"line":126,"column":57},"end":{"line":126,"column":63}},"loc":{"start":{"line":126,"column":63},"end":{"line":126,"column":69}},"line":126},"6":{"name":"(anonymous_6)","decl":{"start":{"line":137,"column":25},"end":{"line":137,"column":31}},"loc":{"start":{"line":137,"column":31},"end":{"line":137,"column":null}},"line":137},"7":{"name":"(anonymous_7)","decl":{"start":{"line":144,"column":25},"end":{"line":144,"column":31}},"loc":{"start":{"line":144,"column":31},"end":{"line":144,"column":null}},"line":144}},"branchMap":{"0":{"loc":{"start":{"line":33,"column":2},"end":{"line":33,"column":null}},"type":"if","locations":[{"start":{"line":33,"column":2},"end":{"line":33,"column":null}},{"start":{},"end":{}}],"line":33},"1":{"loc":{"start":{"line":33,"column":6},"end":{"line":33,"column":32}},"type":"binary-expr","locations":[{"start":{"line":33,"column":6},"end":{"line":33,"column":17}},{"start":{"line":33,"column":17},"end":{"line":33,"column":32}}],"line":33},"2":{"loc":{"start":{"line":36,"column":4},"end":{"line":47,"column":null}},"type":"switch","locations":[{"start":{"line":37,"column":6},"end":{"line":38,"column":null}},{"start":{"line":39,"column":6},"end":{"line":40,"column":null}},{"start":{"line":41,"column":6},"end":{"line":42,"column":null}},{"start":{"line":43,"column":6},"end":{"line":44,"column":null}},{"start":{"line":45,"column":6},"end":{"line":46,"column":null}}],"line":36},"3":{"loc":{"start":{"line":51,"column":4},"end":{"line":58,"column":null}},"type":"switch","locations":[{"start":{"line":52,"column":6},"end":{"line":53,"column":null}},{"start":{"line":54,"column":6},"end":{"line":55,"column":null}},{"start":{"line":56,"column":6},"end":{"line":57,"column":null}}],"line":51},"4":{"loc":{"start":{"line":62,"column":4},"end":{"line":71,"column":null}},"type":"switch","locations":[{"start":{"line":63,"column":6},"end":{"line":64,"column":null}},{"start":{"line":65,"column":6},"end":{"line":66,"column":null}},{"start":{"line":67,"column":6},"end":{"line":68,"column":null}},{"start":{"line":69,"column":6},"end":{"line":70,"column":null}}],"line":62},"5":{"loc":{"start":{"line":101,"column":17},"end":{"line":104,"column":null}},"type":"binary-expr","locations":[{"start":{"line":101,"column":17},"end":{"line":101,"column":null}},{"start":{"line":102,"column":18},"end":{"line":104,"column":null}}],"line":101},"6":{"loc":{"start":{"line":122,"column":15},"end":{"line":128,"column":null}},"type":"binary-expr","locations":[{"start":{"line":122,"column":15},"end":{"line":122,"column":null}},{"start":{"line":123,"column":16},"end":{"line":128,"column":null}}],"line":122}},"s":{"0":0,"1":0,"2":0,"3":0,"4":0,"5":0,"6":0,"7":0,"8":0,"9":0,"10":0,"11":0,"12":0,"13":0,"14":0,"15":0,"16":0,"17":0,"18":0,"19":0,"20":0,"21":0,"22":0,"23":0,"24":0,"25":0,"26":0},"f":{"0":0,"1":0,"2":0,"3":0,"4":0,"5":0,"6":0,"7":0},"b":{"0":[0,0],"1":[0,0],"2":[0,0,0,0,0],"3":[0,0,0],"4":[0,0,0,0],"5":[0,0],"6":[0,0]},"meta":{"lastBranch":7,"lastFunction":8,"lastStatement":27,"seen":{"s:24:69:154:Infinity":0,"f:24:69:24:70":0,"s:31:23:31:Infinity":1,"b:33:2:33:Infinity:undefined:undefined:undefined:undefined":0,"s:33:2:33:Infinity":2,"b:33:6:33:17:33:17:33:32":1,"s:33:32:33:Infinity":3,"s:35:18:48:Infinity":4,"f:35:18:35:24":1,"b:37:6:38:Infinity:39:6:40:Infinity:41:6:42:Infinity:43:6:44:Infinity:45:6:46:Infinity":2,"s:36:4:47:Infinity":5,"s:38:8:38:Infinity":6,"s:40:8:40:Infinity":7,"s:42:8:42:Infinity":8,"s:44:8:44:Infinity":9,"s:46:8:46:Infinity":10,"s:50:25:59:Infinity":11,"f:50:25:50:31":2,"b:52:6:53:Infinity:54:6:55:Infinity:56:6:57:Infinity":3,"s:51:4:58:Infinity":12,"s:53:8:53:Infinity":13,"s:55:8:55:Infinity":14,"s:57:8:57:Infinity":15,"s:61:25:72:Infinity":16,"f:61:25:61:31":3,"b:63:6:64:Infinity:65:6:66:Infinity:67:6:68:Infinity:69:6:70:Infinity":4,"s:62:4:71:Infinity":17,"s:64:8:64:Infinity":18,"s:66:8:66:Infinity":19,"s:68:8:68:Infinity":20,"s:70:8:70:Infinity":21,"s:74:2:152:Infinity":22,"f:89:19:89:20":4,"s:89:26:89:Infinity":23,"b:101:17:101:Infinity:102:18:104:Infinity":5,"b:122:15:122:Infinity:123:16:128:Infinity":6,"f:126:57:126:63":5,"s:126:63:126:69":24,"f:137:25:137:31":6,"s:137:31:137:Infinity":25,"f:144:25:144:31":7,"s:144:31:144:Infinity":26}}}
,"/workspaces/game-helper-demo02/src/components/game/Confetti.tsx": {"path":"/workspaces/game-helper-demo02/src/components/game/Confetti.tsx","statementMap":{"0":{"start":{"line":20,"column":49},"end":{"line":105,"column":null}},"1":{"start":{"line":21,"column":10},"end":{"line":21,"column":null}},"2":{"start":{"line":22,"column":10},"end":{"line":22,"column":null}},"3":{"start":{"line":23,"column":10},"end":{"line":23,"column":null}},"4":{"start":{"line":25,"column":4},"end":{"line":94,"column":null}},"5":{"start":{"line":26,"column":8},"end":{"line":38,"column":null}},"6":{"start":{"line":27,"column":12},"end":{"line":30,"column":null}},"7":{"start":{"line":28,"column":16},"end":{"line":28,"column":null}},"8":{"start":{"line":29,"column":16},"end":{"line":29,"column":null}},"9":{"start":{"line":32,"column":27},"end":{"line":32,"column":null}},"10":{"start":{"line":33,"column":12},"end":{"line":36,"column":null}},"11":{"start":{"line":34,"column":28},"end":{"line":34,"column":null}},"12":{"start":{"line":35,"column":16},"end":{"line":35,"column":null}},"13":{"start":{"line":37,"column":12},"end":{"line":37,"column":null}},"14":{"start":{"line":40,"column":23},"end":{"line":40,"column":null}},"15":{"start":{"line":41,"column":8},"end":{"line":41,"column":null}},"16":{"start":{"line":41,"column":21},"end":{"line":41,"column":null}},"17":{"start":{"line":43,"column":20},"end":{"line":43,"column":null}},"18":{"start":{"line":44,"column":8},"end":{"line":44,"column":null}},"19":{"start":{"line":44,"column":18},"end":{"line":44,"column":null}},"20":{"start":{"line":47,"column":29},"end":{"line":50,"column":null}},"21":{"start":{"line":48,"column":12},"end":{"line":48,"column":null}},"22":{"start":{"line":49,"column":12},"end":{"line":49,"column":null}},"23":{"start":{"line":51,"column":8},"end":{"line":51,"column":null}},"24":{"start":{"line":52,"column":8},"end":{"line":52,"column":null}},"25":{"start":{"line":55,"column":30},"end":{"line":55,"column":null}},"26":{"start":{"line":56,"column":8},"end":{"line":56,"column":null}},"27":{"start":{"line":57,"column":8},"end":{"line":59,"column":null}},"28":{"start":{"line":57,"column":21},"end":{"line":57,"column":24}},"29":{"start":{"line":58,"column":12},"end":{"line":58,"column":null}},"30":{"start":{"line":62,"column":24},"end":{"line":84,"column":null}},"31":{"start":{"line":63,"column":12},"end":{"line":63,"column":null}},"32":{"start":{"line":65,"column":12},"end":{"line":81,"column":null}},"33":{"start":{"line":66,"column":16},"end":{"line":66,"column":null}},"34":{"start":{"line":67,"column":16},"end":{"line":67,"column":null}},"35":{"start":{"line":68,"column":16},"end":{"line":68,"column":null}},"36":{"start":{"line":71,"column":16},"end":{"line":73,"column":null}},"37":{"start":{"line":72,"column":20},"end":{"line":72,"column":null}},"38":{"start":{"line":75,"column":16},"end":{"line":75,"column":null}},"39":{"start":{"line":76,"column":16},"end":{"line":76,"column":null}},"40":{"start":{"line":77,"column":16},"end":{"line":77,"column":null}},"41":{"start":{"line":78,"column":16},"end":{"line":78,"column":null}},"42":{"start":{"line":79,"column":16},"end":{"line":79,"column":null}},"43":{"start":{"line":80,"column":16},"end":{"line":80,"column":null}},"44":{"start":{"line":83,"column":12},"end":{"line":83,"column":null}},"45":{"start":{"line":86,"column":8},"end":{"line":86,"column":null}},"46":{"start":{"line":88,"column":8},"end":{"line":93,"column":null}},"47":{"start":{"line":89,"column":12},"end":{"line":91,"column":null}},"48":{"start":{"line":90,"column":16},"end":{"line":90,"column":null}},"49":{"start":{"line":92,"column":12},"end":{"line":92,"column":null}},"50":{"start":{"line":96,"column":4},"end":{"line":96,"column":null}},"51":{"start":{"line":96,"column":17},"end":{"line":96,"column":null}},"52":{"start":{"line":98,"column":4},"end":{"line":103,"column":null}},"53":{"start":{"line":108,"column":4},"end":{"line":118,"column":null}}},"fnMap":{"0":{"name":"(anonymous_0)","decl":{"start":{"line":20,"column":49},"end":{"line":20,"column":50}},"loc":{"start":{"line":20,"column":131},"end":{"line":105,"column":null}},"line":20},"1":{"name":"(anonymous_1)","decl":{"start":{"line":25,"column":14},"end":{"line":25,"column":20}},"loc":{"start":{"line":25,"column":20},"end":{"line":94,"column":7}},"line":25},"2":{"name":"(anonymous_2)","decl":{"start":{"line":47,"column":29},"end":{"line":47,"column":35}},"loc":{"start":{"line":47,"column":35},"end":{"line":50,"column":null}},"line":47},"3":{"name":"(anonymous_3)","decl":{"start":{"line":62,"column":24},"end":{"line":62,"column":30}},"loc":{"start":{"line":62,"column":30},"end":{"line":84,"column":null}},"line":62},"4":{"name":"(anonymous_4)","decl":{"start":{"line":65,"column":41},"end":{"line":65,"column":42}},"loc":{"start":{"line":65,"column":51},"end":{"line":81,"column":13}},"line":65},"5":{"name":"(anonymous_5)","decl":{"start":{"line":88,"column":15},"end":{"line":88,"column":21}},"loc":{"start":{"line":88,"column":21},"end":{"line":93,"column":null}},"line":88},"6":{"name":"createParticle","decl":{"start":{"line":107,"column":9},"end":{"line":107,"column":24}},"loc":{"start":{"line":107,"column":96},"end":{"line":119,"column":null}},"line":107}},"branchMap":{"0":{"loc":{"start":{"line":20,"column":60},"end":{"line":20,"column":125}},"type":"default-arg","locations":[{"start":{"line":20,"column":69},"end":{"line":20,"column":125}}],"line":20},"1":{"loc":{"start":{"line":26,"column":8},"end":{"line":38,"column":null}},"type":"if","locations":[{"start":{"line":26,"column":8},"end":{"line":38,"column":null}},{"start":{},"end":{}}],"line":26},"2":{"loc":{"start":{"line":27,"column":12},"end":{"line":30,"column":null}},"type":"if","locations":[{"start":{"line":27,"column":12},"end":{"line":30,"column":null}},{"start":{},"end":{}}],"line":27},"3":{"loc":{"start":{"line":33,"column":12},"end":{"line":36,"column":null}},"type":"if","locations":[{"start":{"line":33,"column":12},"end":{"line":36,"column":null}},{"start":{},"end":{}}],"line":33},"4":{"loc":{"start":{"line":41,"column":8},"end":{"line":41,"column":null}},"type":"if","locations":[{"start":{"line":41,"column":8},"end":{"line":41,"column":null}},{"start":{},"end":{}}],"line":41},"5":{"loc":{"start":{"line":44,"column":8},"end":{"line":44,"column":null}},"type":"if","locations":[{"start":{"line":44,"column":8},"end":{"line":44,"column":null}},{"start":{},"end":{}}],"line":44},"6":{"loc":{"start":{"line":71,"column":16},"end":{"line":73,"column":null}},"type":"if","locations":[{"start":{"line":71,"column":16},"end":{"line":73,"column":null}},{"start":{},"end":{}}],"line":71},"7":{"loc":{"start":{"line":89,"column":12},"end":{"line":91,"column":null}},"type":"if","locations":[{"start":{"line":89,"column":12},"end":{"line":91,"column":null}},{"start":{},"end":{}}],"line":89},"8":{"loc":{"start":{"line":96,"column":4},"end":{"line":96,"column":null}},"type":"if","locations":[{"start":{"line":96,"column":4},"end":{"line":96,"column":null}},{"start":{},"end":{}}],"line":96},"9":{"loc":{"start":{"line":107,"column":73},"end":{"line":107,"column":96}},"type":"default-arg","locations":[{"start":{"line":107,"column":79},"end":{"line":107,"column":96}}],"line":107},"10":{"loc":{"start":{"line":110,"column":11},"end":{"line":110,"column":null}},"type":"cond-expr","locations":[{"start":{"line":110,"column":17},"end":{"line":110,"column":23}},{"start":{"line":110,"column":23},"end":{"line":110,"column":null}}],"line":110},"11":{"loc":{"start":{"line":115,"column":15},"end":{"line":115,"column":null}},"type":"binary-expr","locations":[{"start":{"line":115,"column":15},"end":{"line":115,"column":68}},{"start":{"line":115,"column":68},"end":{"line":115,"column":null}}],"line":115}},"s":{"0":0,"1":0,"2":0,"3":0,"4":0,"5":0,"6":0,"7":0,"8":0,"9":0,"10":0,"11":0,"12":0,"13":0,"14":0,"15":0,"16":0,"17":0,"18":0,"19":0,"20":0,"21":0,"22":0,"23":0,"24":0,"25":0,"26":0,"27":0,"28":0,"29":0,"30":0,"31":0,"32":0,"33":0,"34":0,"35":0,"36":0,"37":0,"38":0,"39":0,"40":0,"41":0,"42":0,"43":0,"44":0,"45":0,"46":0,"47":0,"48":0,"49":0,"50":0,"51":0,"52":0,"53":0},"f":{"0":0,"1":0,"2":0,"3":0,"4":0,"5":0,"6":0},"b":{"0":[0],"1":[0,0],"2":[0,0],"3":[0,0],"4":[0,0],"5":[0,0],"6":[0,0],"7":[0,0],"8":[0,0],"9":[0],"10":[0,0],"11":[0,0]},"meta":{"lastBranch":12,"lastFunction":7,"lastStatement":54,"seen":{"s:20:49:105:Infinity":0,"f:20:49:20:50":0,"b:20:69:20:125":0,"s:21:10:21:Infinity":1,"s:22:10:22:Infinity":2,"s:23:10:23:Infinity":3,"s:25:4:94:Infinity":4,"f:25:14:25:20":1,"b:26:8:38:Infinity:undefined:undefined:undefined:undefined":1,"s:26:8:38:Infinity":5,"b:27:12:30:Infinity:undefined:undefined:undefined:undefined":2,"s:27:12:30:Infinity":6,"s:28:16:28:Infinity":7,"s:29:16:29:Infinity":8,"s:32:27:32:Infinity":9,"b:33:12:36:Infinity:undefined:undefined:undefined:undefined":3,"s:33:12:36:Infinity":10,"s:34:28:34:Infinity":11,"s:35:16:35:Infinity":12,"s:37:12:37:Infinity":13,"s:40:23:40:Infinity":14,"b:41:8:41:Infinity:undefined:undefined:undefined:undefined":4,"s:41:8:41:Infinity":15,"s:41:21:41:Infinity":16,"s:43:20:43:Infinity":17,"b:44:8:44:Infinity:undefined:undefined:undefined:undefined":5,"s:44:8:44:Infinity":18,"s:44:18:44:Infinity":19,"s:47:29:50:Infinity":20,"f:47:29:47:35":2,"s:48:12:48:Infinity":21,"s:49:12:49:Infinity":22,"s:51:8:51:Infinity":23,"s:52:8:52:Infinity":24,"s:55:30:55:Infinity":25,"s:56:8:56:Infinity":26,"s:57:8:59:Infinity":27,"s:57:21:57:24":28,"s:58:12:58:Infinity":29,"s:62:24:84:Infinity":30,"f:62:24:62:30":3,"s:63:12:63:Infinity":31,"s:65:12:81:Infinity":32,"f:65:41:65:42":4,"s:66:16:66:Infinity":33,"s:67:16:67:Infinity":34,"s:68:16:68:Infinity":35,"b:71:16:73:Infinity:undefined:undefined:undefined:undefined":6,"s:71:16:73:Infinity":36,"s:72:20:72:Infinity":37,"s:75:16:75:Infinity":38,"s:76:16:76:Infinity":39,"s:77:16:77:Infinity":40,"s:78:16:78:Infinity":41,"s:79:16:79:Infinity":42,"s:80:16:80:Infinity":43,"s:83:12:83:Infinity":44,"s:86:8:86:Infinity":45,"s:88:8:93:Infinity":46,"f:88:15:88:21":5,"b:89:12:91:Infinity:undefined:undefined:undefined:undefined":7,"s:89:12:91:Infinity":47,"s:90:16:90:Infinity":48,"s:92:12:92:Infinity":49,"b:96:4:96:Infinity:undefined:undefined:undefined:undefined":8,"s:96:4:96:Infinity":50,"s:96:17:96:Infinity":51,"s:98:4:103:Infinity":52,"f:107:9:107:24":6,"b:107:79:107:96":9,"s:108:4:118:Infinity":53,"b:110:17:110:23:110:23:110:Infinity":10,"b:115:15:115:68:115:68:115:Infinity":11}}}
,"/workspaces/game-helper-demo02/src/components/game/DeathEchoEffect.tsx": {"path":"/workspaces/game-helper-demo02/src/components/game/DeathEchoEffect.tsx","statementMap":{"0":{"start":{"line":24,"column":63},"end":{"line":161,"column":null}},"1":{"start":{"line":29,"column":30},"end":{"line":29,"column":null}},"2":{"start":{"line":30,"column":36},"end":{"line":30,"column":null}},"3":{"start":{"line":31,"column":20},"end":{"line":31,"column":null}},"4":{"start":{"line":34,"column":2},"end":{"line":51,"column":null}},"5":{"start":{"line":35,"column":4},"end":{"line":49,"column":null}},"6":{"start":{"line":36,"column":6},"end":{"line":36,"column":null}},"7":{"start":{"line":37,"column":6},"end":{"line":37,"column":null}},"8":{"start":{"line":40,"column":6},"end":{"line":40,"column":null}},"9":{"start":{"line":43,"column":20},"end":{"line":46,"column":null}},"10":{"start":{"line":44,"column":8},"end":{"line":44,"column":null}},"11":{"start":{"line":45,"column":8},"end":{"line":45,"column":null}},"12":{"start":{"line":48,"column":6},"end":{"line":48,"column":null}},"13":{"start":{"line":48,"column":19},"end":{"line":48,"column":null}},"14":{"start":{"line":50,"column":4},"end":{"line":50,"column":null}},"15":{"start":{"line":54,"column":2},"end":{"line":58,"column":null}},"16":{"start":{"line":55,"column":4},"end":{"line":57,"column":null}},"17":{"start":{"line":56,"column":6},"end":{"line":56,"column":null}},"18":{"start":{"line":60,"column":2},"end":{"line":159,"column":null}},"19":{"start":{"line":166,"column":28},"end":{"line":183,"column":null}},"20":{"start":{"line":167,"column":32},"end":{"line":167,"column":null}},"21":{"start":{"line":169,"column":8},"end":{"line":171,"column":null}},"22":{"start":{"line":170,"column":4},"end":{"line":170,"column":null}},"23":{"start":{"line":173,"column":8},"end":{"line":175,"column":null}},"24":{"start":{"line":174,"column":4},"end":{"line":174,"column":null}},"25":{"start":{"line":177,"column":2},"end":{"line":182,"column":null}}},"fnMap":{"0":{"name":"(anonymous_0)","decl":{"start":{"line":24,"column":63},"end":{"line":24,"column":64}},"loc":{"start":{"line":28,"column":6},"end":{"line":161,"column":null}},"line":28},"1":{"name":"(anonymous_1)","decl":{"start":{"line":34,"column":12},"end":{"line":34,"column":18}},"loc":{"start":{"line":34,"column":18},"end":{"line":51,"column":5}},"line":34},"2":{"name":"(anonymous_2)","decl":{"start":{"line":43,"column":31},"end":{"line":43,"column":37}},"loc":{"start":{"line":43,"column":37},"end":{"line":46,"column":9}},"line":43},"3":{"name":"(anonymous_3)","decl":{"start":{"line":48,"column":13},"end":{"line":48,"column":19}},"loc":{"start":{"line":48,"column":19},"end":{"line":48,"column":null}},"line":48},"4":{"name":"(anonymous_4)","decl":{"start":{"line":54,"column":12},"end":{"line":54,"column":18}},"loc":{"start":{"line":54,"column":18},"end":{"line":58,"column":5}},"line":54},"5":{"name":"(anonymous_5)","decl":{"start":{"line":166,"column":28},"end":{"line":166,"column":34}},"loc":{"start":{"line":166,"column":34},"end":{"line":183,"column":null}},"line":166},"6":{"name":"(anonymous_6)","decl":{"start":{"line":169,"column":39},"end":{"line":169,"column":40}},"loc":{"start":{"line":169,"column":79},"end":{"line":171,"column":5}},"line":169},"7":{"name":"(anonymous_7)","decl":{"start":{"line":173,"column":37},"end":{"line":173,"column":43}},"loc":{"start":{"line":173,"column":43},"end":{"line":175,"column":5}},"line":173}},"branchMap":{"0":{"loc":{"start":{"line":35,"column":4},"end":{"line":49,"column":null}},"type":"if","locations":[{"start":{"line":35,"column":4},"end":{"line":49,"column":null}},{"start":{},"end":{}}],"line":35},"1":{"loc":{"start":{"line":35,"column":8},"end":{"line":35,"column":61}},"type":"binary-expr","locations":[{"start":{"line":35,"column":8},"end":{"line":35,"column":32}},{"start":{"line":35,"column":32},"end":{"line":35,"column":61}}],"line":35},"2":{"loc":{"start":{"line":55,"column":4},"end":{"line":57,"column":null}},"type":"if","locations":[{"start":{"line":55,"column":4},"end":{"line":57,"column":null}},{"start":{},"end":{}}],"line":55},"3":{"loc":{"start":{"line":62,"column":7},"end":{"line":157,"column":null}},"type":"binary-expr","locations":[{"start":{"line":62,"column":7},"end":{"line":62,"column":null}},{"start":{"line":63,"column":8},"end":{"line":157,"column":null}}],"line":62},"4":{"loc":{"start":{"line":127,"column":11},"end":{"line":144,"column":null}},"type":"binary-expr","locations":[{"start":{"line":127,"column":11},"end":{"line":127,"column":null}},{"start":{"line":128,"column":12},"end":{"line":144,"column":null}}],"line":127},"5":{"loc":{"start":{"line":178,"column":17},"end":{"line":178,"column":null}},"type":"binary-expr","locations":[{"start":{"line":178,"column":17},"end":{"line":178,"column":38}},{"start":{"line":178,"column":38},"end":{"line":178,"column":null}}],"line":178}},"s":{"0":0,"1":0,"2":0,"3":0,"4":0,"5":0,"6":0,"7":0,"8":0,"9":0,"10":0,"11":0,"12":0,"13":0,"14":0,"15":0,"16":0,"17":0,"18":0,"19":0,"20":0,"21":0,"22":0,"23":0,"24":0,"25":0},"f":{"0":0,"1":0,"2":0,"3":0,"4":0,"5":0,"6":0,"7":0},"b":{"0":[0,0],"1":[0,0],"2":[0,0],"3":[0,0],"4":[0,0],"5":[0,0]},"meta":{"lastBranch":6,"lastFunction":8,"lastStatement":26,"seen":{"s:24:63:161:Infinity":0,"f:24:63:24:64":0,"s:29:30:29:Infinity":1,"s:30:36:30:Infinity":2,"s:31:20:31:Infinity":3,"s:34:2:51:Infinity":4,"f:34:12:34:18":1,"b:35:4:49:Infinity:undefined:undefined:undefined:undefined":0,"s:35:4:49:Infinity":5,"b:35:8:35:32:35:32:35:61":1,"s:36:6:36:Infinity":6,"s:37:6:37:Infinity":7,"s:40:6:40:Infinity":8,"s:43:20:46:Infinity":9,"f:43:31:43:37":2,"s:44:8:44:Infinity":10,"s:45:8:45:Infinity":11,"s:48:6:48:Infinity":12,"f:48:13:48:19":3,"s:48:19:48:Infinity":13,"s:50:4:50:Infinity":14,"s:54:2:58:Infinity":15,"f:54:12:54:18":4,"b:55:4:57:Infinity:undefined:undefined:undefined:undefined":2,"s:55:4:57:Infinity":16,"s:56:6:56:Infinity":17,"s:60:2:159:Infinity":18,"b:62:7:62:Infinity:63:8:157:Infinity":3,"b:127:11:127:Infinity:128:12:144:Infinity":4,"s:166:28:183:Infinity":19,"f:166:28:166:34":5,"s:167:32:167:Infinity":20,"s:169:8:171:Infinity":21,"f:169:39:169:40":6,"s:170:4:170:Infinity":22,"s:173:8:175:Infinity":23,"f:173:37:173:43":7,"s:174:4:174:Infinity":24,"s:177:2:182:Infinity":25,"b:178:17:178:38:178:38:178:Infinity":5}}}
,"/workspaces/game-helper-demo02/src/components/game/DoomsdayClock.tsx": {"path":"/workspaces/game-helper-demo02/src/components/game/DoomsdayClock.tsx","statementMap":{"0":{"start":{"line":19,"column":59},"end":{"line":297,"column":null}},"1":{"start":{"line":20,"column":8},"end":{"line":20,"column":null}},"2":{"start":{"line":20,"column":38},"end":{"line":20,"column":53}},"3":{"start":{"line":21,"column":17},"end":{"line":21,"column":null}},"4":{"start":{"line":22,"column":16},"end":{"line":22,"column":null}},"5":{"start":{"line":24,"column":50},"end":{"line":24,"column":null}},"6":{"start":{"line":27,"column":2},"end":{"line":29,"column":null}},"7":{"start":{"line":28,"column":4},"end":{"line":28,"column":null}},"8":{"start":{"line":32,"column":20},"end":{"line":32,"column":null}},"9":{"start":{"line":34,"column":21},"end":{"line":34,"column":null}},"10":{"start":{"line":34,"column":39},"end":{"line":34,"column":48}},"11":{"start":{"line":36,"column":24},"end":{"line":36,"column":null}},"12":{"start":{"line":38,"column":25},"end":{"line":38,"column":null}},"13":{"start":{"line":40,"column":19},"end":{"line":40,"column":null}},"14":{"start":{"line":42,"column":23},"end":{"line":42,"column":null}},"15":{"start":{"line":45,"column":8},"end":{"line":45,"column":null}},"16":{"start":{"line":49,"column":22},"end":{"line":49,"column":null}},"17":{"start":{"line":52,"column":2},"end":{"line":63,"column":null}},"18":{"start":{"line":53,"column":4},"end":{"line":61,"column":null}},"19":{"start":{"line":55,"column":6},"end":{"line":55,"column":null}},"20":{"start":{"line":58,"column":6},"end":{"line":60,"column":null}},"21":{"start":{"line":59,"column":8},"end":{"line":59,"column":null}},"22":{"start":{"line":59,"column":25},"end":{"line":59,"column":51}},"23":{"start":{"line":62,"column":4},"end":{"line":62,"column":null}},"24":{"start":{"line":66,"column":8},"end":{"line":66,"column":null}},"25":{"start":{"line":67,"column":2},"end":{"line":80,"column":null}},"26":{"start":{"line":68,"column":4},"end":{"line":73,"column":null}},"27":{"start":{"line":70,"column":6},"end":{"line":72,"column":null}},"28":{"start":{"line":71,"column":8},"end":{"line":71,"column":null}},"29":{"start":{"line":75,"column":4},"end":{"line":79,"column":null}},"30":{"start":{"line":76,"column":6},"end":{"line":78,"column":null}},"31":{"start":{"line":77,"column":8},"end":{"line":77,"column":null}},"32":{"start":{"line":83,"column":19},"end":{"line":85,"column":null}},"33":{"start":{"line":87,"column":2},"end":{"line":89,"column":null}},"34":{"start":{"line":88,"column":4},"end":{"line":88,"column":null}},"35":{"start":{"line":91,"column":2},"end":{"line":295,"column":null}},"36":{"start":{"line":128,"column":18},"end":{"line":128,"column":null}},"37":{"start":{"line":129,"column":23},"end":{"line":129,"column":null}},"38":{"start":{"line":130,"column":23},"end":{"line":130,"column":null}},"39":{"start":{"line":131,"column":23},"end":{"line":131,"column":null}},"40":{"start":{"line":132,"column":23},"end":{"line":132,"column":null}},"41":{"start":{"line":133,"column":31},"end":{"line":133,"column":null}},"42":{"start":{"line":135,"column":12},"end":{"line":143,"column":null}},"43":{"start":{"line":280,"column":26},"end":{"line":280,"column":null}},"44":{"start":{"line":281,"column":12},"end":{"line":290,"column":null}}},"fnMap":{"0":{"name":"(anonymous_0)","decl":{"start":{"line":19,"column":59},"end":{"line":19,"column":60}},"loc":{"start":{"line":19,"column":83},"end":{"line":297,"column":null}},"line":19},"1":{"name":"(anonymous_1)","decl":{"start":{"line":20,"column":29},"end":{"line":20,"column":38}},"loc":{"start":{"line":20,"column":38},"end":{"line":20,"column":53}},"line":20},"2":{"name":"(anonymous_2)","decl":{"start":{"line":27,"column":12},"end":{"line":27,"column":18}},"loc":{"start":{"line":27,"column":18},"end":{"line":29,"column":5}},"line":27},"3":{"name":"(anonymous_3)","decl":{"start":{"line":34,"column":34},"end":{"line":34,"column":39}},"loc":{"start":{"line":34,"column":39},"end":{"line":34,"column":48}},"line":34},"4":{"name":"(anonymous_4)","decl":{"start":{"line":52,"column":12},"end":{"line":52,"column":18}},"loc":{"start":{"line":52,"column":18},"end":{"line":63,"column":5}},"line":52},"5":{"name":"(anonymous_5)","decl":{"start":{"line":59,"column":19},"end":{"line":59,"column":25}},"loc":{"start":{"line":59,"column":25},"end":{"line":59,"column":51}},"line":59},"6":{"name":"(anonymous_6)","decl":{"start":{"line":67,"column":12},"end":{"line":67,"column":18}},"loc":{"start":{"line":67,"column":18},"end":{"line":80,"column":5}},"line":67},"7":{"name":"(anonymous_7)","decl":{"start":{"line":70,"column":44},"end":{"line":70,"column":50}},"loc":{"start":{"line":70,"column":50},"end":{"line":72,"column":9}},"line":70},"8":{"name":"(anonymous_8)","decl":{"start":{"line":75,"column":11},"end":{"line":75,"column":17}},"loc":{"start":{"line":75,"column":17},"end":{"line":79,"column":null}},"line":75},"9":{"name":"(anonymous_9)","decl":{"start":{"line":127,"column":42},"end":{"line":127,"column":43}},"loc":{"start":{"line":127,"column":52},"end":{"line":145,"column":11}},"line":127},"10":{"name":"(anonymous_10)","decl":{"start":{"line":279,"column":28},"end":{"line":279,"column":38}},"loc":{"start":{"line":279,"column":38},"end":{"line":292,"column":11}},"line":279}},"branchMap":{"0":{"loc":{"start":{"line":19,"column":62},"end":{"line":19,"column":77}},"type":"default-arg","locations":[{"start":{"line":19,"column":74},"end":{"line":19,"column":77}}],"line":19},"1":{"loc":{"start":{"line":22,"column":16},"end":{"line":22,"column":null}},"type":"binary-expr","locations":[{"start":{"line":22,"column":16},"end":{"line":22,"column":36}},{"start":{"line":22,"column":36},"end":{"line":22,"column":null}}],"line":22},"2":{"loc":{"start":{"line":32,"column":20},"end":{"line":32,"column":null}},"type":"binary-expr","locations":[{"start":{"line":32,"column":20},"end":{"line":32,"column":44}},{"start":{"line":32,"column":44},"end":{"line":32,"column":null}}],"line":32},"3":{"loc":{"start":{"line":38,"column":25},"end":{"line":38,"column":null}},"type":"cond-expr","locations":[{"start":{"line":38,"column":45},"end":{"line":38,"column":73}},{"start":{"line":38,"column":73},"end":{"line":38,"column":null}}],"line":38},"4":{"loc":{"start":{"line":53,"column":4},"end":{"line":61,"column":null}},"type":"if","locations":[{"start":{"line":53,"column":4},"end":{"line":61,"column":null}},{"start":{},"end":{}}],"line":53},"5":{"loc":{"start":{"line":58,"column":6},"end":{"line":60,"column":null}},"type":"if","locations":[{"start":{"line":58,"column":6},"end":{"line":60,"column":null}},{"start":{},"end":{}}],"line":58},"6":{"loc":{"start":{"line":68,"column":4},"end":{"line":73,"column":null}},"type":"if","locations":[{"start":{"line":68,"column":4},"end":{"line":73,"column":null}},{"start":{},"end":{}}],"line":68},"7":{"loc":{"start":{"line":68,"column":8},"end":{"line":68,"column":53}},"type":"binary-expr","locations":[{"start":{"line":68,"column":8},"end":{"line":68,"column":20}},{"start":{"line":68,"column":20},"end":{"line":68,"column":38}},{"start":{"line":68,"column":38},"end":{"line":68,"column":53}}],"line":68},"8":{"loc":{"start":{"line":76,"column":6},"end":{"line":78,"column":null}},"type":"if","locations":[{"start":{"line":76,"column":6},"end":{"line":78,"column":null}},{"start":{},"end":{}}],"line":76},"9":{"loc":{"start":{"line":83,"column":19},"end":{"line":85,"column":null}},"type":"cond-expr","locations":[{"start":{"line":84,"column":6},"end":{"line":84,"column":null}},{"start":{"line":85,"column":6},"end":{"line":85,"column":null}}],"line":83},"10":{"loc":{"start":{"line":83,"column":19},"end":{"line":83,"column":null}},"type":"binary-expr","locations":[{"start":{"line":83,"column":19},"end":{"line":83,"column":53}},{"start":{"line":83,"column":53},"end":{"line":83,"column":null}}],"line":83},"11":{"loc":{"start":{"line":87,"column":2},"end":{"line":89,"column":null}},"type":"if","locations":[{"start":{"line":87,"column":2},"end":{"line":89,"column":null}},{"start":{},"end":{}}],"line":87},"12":{"loc":{"start":{"line":105,"column":10},"end":{"line":105,"column":41}},"type":"cond-expr","locations":[{"start":{"line":105,"column":21},"end":{"line":105,"column":39}},{"start":{"line":105,"column":39},"end":{"line":105,"column":41}}],"line":105},"13":{"loc":{"start":{"line":109,"column":11},"end":{"line":116,"column":null}},"type":"binary-expr","locations":[{"start":{"line":109,"column":11},"end":{"line":109,"column":null}},{"start":{"line":110,"column":12},"end":{"line":116,"column":null}}],"line":109},"14":{"loc":{"start":{"line":140,"column":24},"end":{"line":140,"column":null}},"type":"cond-expr","locations":[{"start":{"line":140,"column":37},"end":{"line":140,"column":49}},{"start":{"line":140,"column":49},"end":{"line":140,"column":null}}],"line":140},"15":{"loc":{"start":{"line":141,"column":29},"end":{"line":141,"column":null}},"type":"cond-expr","locations":[{"start":{"line":141,"column":42},"end":{"line":141,"column":46}},{"start":{"line":141,"column":46},"end":{"line":141,"column":null}}],"line":141},"16":{"loc":{"start":{"line":186,"column":18},"end":{"line":186,"column":null}},"type":"cond-expr","locations":[{"start":{"line":186,"column":29},"end":{"line":186,"column":41}},{"start":{"line":186,"column":41},"end":{"line":186,"column":null}}],"line":186},"17":{"loc":{"start":{"line":226,"column":14},"end":{"line":226,"column":88}},"type":"cond-expr","locations":[{"start":{"line":226,"column":29},"end":{"line":226,"column":86}},{"start":{"line":226,"column":86},"end":{"line":226,"column":88}}],"line":226},"18":{"loc":{"start":{"line":244,"column":7},"end":{"line":269,"column":null}},"type":"binary-expr","locations":[{"start":{"line":244,"column":7},"end":{"line":244,"column":null}},{"start":{"line":245,"column":8},"end":{"line":269,"column":null}}],"line":244},"19":{"loc":{"start":{"line":255,"column":14},"end":{"line":255,"column":62}},"type":"cond-expr","locations":[{"start":{"line":255,"column":29},"end":{"line":255,"column":46}},{"start":{"line":255,"column":46},"end":{"line":255,"column":62}}],"line":255},"20":{"loc":{"start":{"line":259,"column":11},"end":{"line":267,"column":null}},"type":"binary-expr","locations":[{"start":{"line":259,"column":11},"end":{"line":259,"column":null}},{"start":{"line":260,"column":12},"end":{"line":267,"column":null}}],"line":259},"21":{"loc":{"start":{"line":273,"column":7},"end":{"line":293,"column":null}},"type":"binary-expr","locations":[{"start":{"line":273,"column":7},"end":{"line":273,"column":null}},{"start":{"line":274,"column":8},"end":{"line":293,"column":null}}],"line":273},"22":{"loc":{"start":{"line":289,"column":17},"end":{"line":289,"column":null}},"type":"binary-expr","locations":[{"start":{"line":289,"column":17},"end":{"line":289,"column":36}},{"start":{"line":289,"column":36},"end":{"line":289,"column":null}}],"line":289}},"s":{"0":1,"1":8,"2":8,"3":8,"4":8,"5":8,"6":8,"7":8,"8":8,"9":8,"10":21,"11":8,"12":8,"13":8,"14":8,"15":8,"16":8,"17":8,"18":8,"19":0,"20":0,"21":0,"22":0,"23":8,"24":8,"25":8,"26":8,"27":0,"28":0,"29":8,"30":8,"31":0,"32":8,"33":8,"34":2,"35":6,"36":72,"37":72,"38":72,"39":72,"40":72,"41":72,"42":72,"43":4,"44":4},"f":{"0":8,"1":8,"2":8,"3":21,"4":8,"5":0,"6":8,"7":0,"8":8,"9":72,"10":4},"b":{"0":[8],"1":[8,0],"2":[8,6],"3":[6,2],"4":[0,8],"5":[0,0],"6":[0,8],"7":[8,2,2],"8":[0,8],"9":[6,2],"10":[8,7],"11":[2,6],"12":[2,4],"13":[8,2],"14":[24,48],"15":[24,48],"16":[2,4],"17":[2,4],"18":[8,6],"19":[2,4],"20":[6,2],"21":[8,2],"22":[4,0]},"meta":{"lastBranch":23,"lastFunction":11,"lastStatement":45,"seen":{"s:19:59:297:Infinity":0,"f:19:59:19:60":0,"b:19:74:19:77":0,"s:20:8:20:Infinity":1,"f:20:29:20:38":1,"s:20:38:20:53":2,"s:21:17:21:Infinity":3,"s:22:16:22:Infinity":4,"b:22:16:22:36:22:36:22:Infinity":1,"s:24:50:24:Infinity":5,"s:27:2:29:Infinity":6,"f:27:12:27:18":2,"s:28:4:28:Infinity":7,"s:32:20:32:Infinity":8,"b:32:20:32:44:32:44:32:Infinity":2,"s:34:21:34:Infinity":9,"f:34:34:34:39":3,"s:34:39:34:48":10,"s:36:24:36:Infinity":11,"s:38:25:38:Infinity":12,"b:38:45:38:73:38:73:38:Infinity":3,"s:40:19:40:Infinity":13,"s:42:23:42:Infinity":14,"s:45:8:45:Infinity":15,"s:49:22:49:Infinity":16,"s:52:2:63:Infinity":17,"f:52:12:52:18":4,"b:53:4:61:Infinity:undefined:undefined:undefined:undefined":4,"s:53:4:61:Infinity":18,"s:55:6:55:Infinity":19,"b:58:6:60:Infinity:undefined:undefined:undefined:undefined":5,"s:58:6:60:Infinity":20,"s:59:8:59:Infinity":21,"f:59:19:59:25":5,"s:59:25:59:51":22,"s:62:4:62:Infinity":23,"s:66:8:66:Infinity":24,"s:67:2:80:Infinity":25,"f:67:12:67:18":6,"b:68:4:73:Infinity:undefined:undefined:undefined:undefined":6,"s:68:4:73:Infinity":26,"b:68:8:68:20:68:20:68:38:68:38:68:53":7,"s:70:6:72:Infinity":27,"f:70:44:70:50":7,"s:71:8:71:Infinity":28,"s:75:4:79:Infinity":29,"f:75:11:75:17":8,"b:76:6:78:Infinity:undefined:undefined:undefined:undefined":8,"s:76:6:78:Infinity":30,"s:77:8:77:Infinity":31,"s:83:19:85:Infinity":32,"b:84:6:84:Infinity:85:6:85:Infinity":9,"b:83:19:83:53:83:53:83:Infinity":10,"b:87:2:89:Infinity:undefined:undefined:undefined:undefined":11,"s:87:2:89:Infinity":33,"s:88:4:88:Infinity":34,"s:91:2:295:Infinity":35,"b:105:21:105:39:105:39:105:41":12,"b:109:11:109:Infinity:110:12:116:Infinity":13,"f:127:42:127:43":9,"s:128:18:128:Infinity":36,"s:129:23:129:Infinity":37,"s:130:23:130:Infinity":38,"s:131:23:131:Infinity":39,"s:132:23:132:Infinity":40,"s:133:31:133:Infinity":41,"s:135:12:143:Infinity":42,"b:140:37:140:49:140:49:140:Infinity":14,"b:141:42:141:46:141:46:141:Infinity":15,"b:186:29:186:41:186:41:186:Infinity":16,"b:226:29:226:86:226:86:226:88":17,"b:244:7:244:Infinity:245:8:269:Infinity":18,"b:255:29:255:46:255:46:255:62":19,"b:259:11:259:Infinity:260:12:267:Infinity":20,"b:273:7:273:Infinity:274:8:293:Infinity":21,"f:279:28:279:38":10,"s:280:26:280:Infinity":43,"s:281:12:290:Infinity":44,"b:289:17:289:36:289:36:289:Infinity":22}}}
,"/workspaces/game-helper-demo02/src/components/game/FloatingNote.tsx": {"path":"/workspaces/game-helper-demo02/src/components/game/FloatingNote.tsx","statementMap":{"0":{"start":{"line":12,"column":15},"end":{"line":19,"column":null}},"1":{"start":{"line":21,"column":57},"end":{"line":165,"column":null}},"2":{"start":{"line":28,"column":36},"end":{"line":28,"column":null}},"3":{"start":{"line":29,"column":36},"end":{"line":29,"column":null}},"4":{"start":{"line":30,"column":46},"end":{"line":30,"column":null}},"5":{"start":{"line":31,"column":10},"end":{"line":31,"column":null}},"6":{"start":{"line":33,"column":25},"end":{"line":33,"column":null}},"7":{"start":{"line":33,"column":42},"end":{"line":33,"column":63}},"8":{"start":{"line":35,"column":4},"end":{"line":56,"column":null}},"9":{"start":{"line":36,"column":32},"end":{"line":41,"column":null}},"10":{"start":{"line":37,"column":12},"end":{"line":37,"column":null}},"11":{"start":{"line":37,"column":29},"end":{"line":37,"column":null}},"12":{"start":{"line":38,"column":25},"end":{"line":38,"column":null}},"13":{"start":{"line":39,"column":25},"end":{"line":39,"column":null}},"14":{"start":{"line":40,"column":12},"end":{"line":40,"column":null}},"15":{"start":{"line":43,"column":30},"end":{"line":45,"column":null}},"16":{"start":{"line":44,"column":12},"end":{"line":44,"column":null}},"17":{"start":{"line":47,"column":8},"end":{"line":50,"column":null}},"18":{"start":{"line":48,"column":12},"end":{"line":48,"column":null}},"19":{"start":{"line":49,"column":12},"end":{"line":49,"column":null}},"20":{"start":{"line":52,"column":8},"end":{"line":55,"column":null}},"21":{"start":{"line":53,"column":12},"end":{"line":53,"column":null}},"22":{"start":{"line":54,"column":12},"end":{"line":54,"column":null}},"23":{"start":{"line":58,"column":28},"end":{"line":67,"column":null}},"24":{"start":{"line":59,"column":8},"end":{"line":66,"column":null}},"25":{"start":{"line":60,"column":25},"end":{"line":60,"column":null}},"26":{"start":{"line":61,"column":12},"end":{"line":64,"column":null}},"27":{"start":{"line":65,"column":12},"end":{"line":65,"column":null}},"28":{"start":{"line":69,"column":4},"end":{"line":163,"column":null}},"29":{"start":{"line":94,"column":75},"end":{"line":94,"column":null}},"30":{"start":{"line":96,"column":39},"end":{"line":96,"column":null}},"31":{"start":{"line":110,"column":39},"end":{"line":110,"column":null}},"32":{"start":{"line":126,"column":39},"end":{"line":126,"column":null}},"33":{"start":{"line":142,"column":24},"end":{"line":149,"column":null}},"34":{"start":{"line":146,"column":32},"end":{"line":146,"column":null}},"35":{"start":{"line":147,"column":32},"end":{"line":147,"column":null}}},"fnMap":{"0":{"name":"(anonymous_0)","decl":{"start":{"line":21,"column":57},"end":{"line":21,"column":58}},"loc":{"start":{"line":27,"column":6},"end":{"line":165,"column":null}},"line":27},"1":{"name":"(anonymous_1)","decl":{"start":{"line":33,"column":37},"end":{"line":33,"column":42}},"loc":{"start":{"line":33,"column":42},"end":{"line":33,"column":63}},"line":33},"2":{"name":"(anonymous_2)","decl":{"start":{"line":35,"column":14},"end":{"line":35,"column":20}},"loc":{"start":{"line":35,"column":20},"end":{"line":56,"column":7}},"line":35},"3":{"name":"(anonymous_3)","decl":{"start":{"line":36,"column":32},"end":{"line":36,"column":33}},"loc":{"start":{"line":36,"column":51},"end":{"line":41,"column":null}},"line":36},"4":{"name":"(anonymous_4)","decl":{"start":{"line":43,"column":30},"end":{"line":43,"column":36}},"loc":{"start":{"line":43,"column":36},"end":{"line":45,"column":null}},"line":43},"5":{"name":"(anonymous_5)","decl":{"start":{"line":52,"column":15},"end":{"line":52,"column":21}},"loc":{"start":{"line":52,"column":21},"end":{"line":55,"column":null}},"line":52},"6":{"name":"(anonymous_6)","decl":{"start":{"line":58,"column":28},"end":{"line":58,"column":29}},"loc":{"start":{"line":58,"column":53},"end":{"line":67,"column":null}},"line":58},"7":{"name":"(anonymous_7)","decl":{"start":{"line":94,"column":70},"end":{"line":94,"column":75}},"loc":{"start":{"line":94,"column":75},"end":{"line":94,"column":null}},"line":94},"8":{"name":"(anonymous_8)","decl":{"start":{"line":96,"column":33},"end":{"line":96,"column":39}},"loc":{"start":{"line":96,"column":39},"end":{"line":96,"column":null}},"line":96},"9":{"name":"(anonymous_9)","decl":{"start":{"line":110,"column":33},"end":{"line":110,"column":39}},"loc":{"start":{"line":110,"column":39},"end":{"line":110,"column":null}},"line":110},"10":{"name":"(anonymous_10)","decl":{"start":{"line":126,"column":33},"end":{"line":126,"column":39}},"loc":{"start":{"line":126,"column":39},"end":{"line":126,"column":null}},"line":126},"11":{"name":"(anonymous_11)","decl":{"start":{"line":141,"column":32},"end":{"line":141,"column":null}},"loc":{"start":{"line":142,"column":24},"end":{"line":149,"column":null}},"line":142},"12":{"name":"(anonymous_12)","decl":{"start":{"line":145,"column":37},"end":{"line":145,"column":43}},"loc":{"start":{"line":145,"column":43},"end":{"line":148,"column":null}},"line":145}},"branchMap":{"0":{"loc":{"start":{"line":33,"column":25},"end":{"line":33,"column":null}},"type":"binary-expr","locations":[{"start":{"line":33,"column":25},"end":{"line":33,"column":68}},{"start":{"line":33,"column":68},"end":{"line":33,"column":null}}],"line":33},"1":{"loc":{"start":{"line":37,"column":12},"end":{"line":37,"column":null}},"type":"if","locations":[{"start":{"line":37,"column":12},"end":{"line":37,"column":null}},{"start":{},"end":{}}],"line":37},"2":{"loc":{"start":{"line":47,"column":8},"end":{"line":50,"column":null}},"type":"if","locations":[{"start":{"line":47,"column":8},"end":{"line":50,"column":null}},{"start":{},"end":{}}],"line":47},"3":{"loc":{"start":{"line":59,"column":8},"end":{"line":66,"column":null}},"type":"if","locations":[{"start":{"line":59,"column":8},"end":{"line":66,"column":null}},{"start":{},"end":{}}],"line":59},"4":{"loc":{"start":{"line":74,"column":22},"end":{"line":74,"column":null}},"type":"binary-expr","locations":[{"start":{"line":74,"column":22},"end":{"line":74,"column":42}},{"start":{"line":74,"column":42},"end":{"line":74,"column":null}}],"line":74},"5":{"loc":{"start":{"line":75,"column":21},"end":{"line":75,"column":null}},"type":"binary-expr","locations":[{"start":{"line":75,"column":21},"end":{"line":75,"column":41}},{"start":{"line":75,"column":41},"end":{"line":75,"column":null}}],"line":75},"6":{"loc":{"start":{"line":77,"column":23},"end":{"line":77,"column":null}},"type":"cond-expr","locations":[{"start":{"line":77,"column":42},"end":{"line":77,"column":52}},{"start":{"line":77,"column":52},"end":{"line":77,"column":null}}],"line":77},"7":{"loc":{"start":{"line":92,"column":62},"end":{"line":92,"column":99}},"type":"cond-expr","locations":[{"start":{"line":92,"column":85},"end":{"line":92,"column":94}},{"start":{"line":92,"column":94},"end":{"line":92,"column":99}}],"line":92},"8":{"loc":{"start":{"line":113,"column":25},"end":{"line":122,"column":null}},"type":"cond-expr","locations":[{"start":{"line":115,"column":28},"end":{"line":117,"column":null}},{"start":{"line":120,"column":28},"end":{"line":122,"column":null}}],"line":113},"9":{"loc":{"start":{"line":139,"column":13},"end":{"line":151,"column":null}},"type":"binary-expr","locations":[{"start":{"line":139,"column":13},"end":{"line":139,"column":32}},{"start":{"line":139,"column":32},"end":{"line":139,"column":null}},{"start":{"line":140,"column":16},"end":{"line":151,"column":null}}],"line":139},"10":{"loc":{"start":{"line":144,"column":82},"end":{"line":144,"column":147}},"type":"cond-expr","locations":[{"start":{"line":144,"column":106},"end":{"line":144,"column":145}},{"start":{"line":144,"column":145},"end":{"line":144,"column":147}}],"line":144},"11":{"loc":{"start":{"line":155,"column":13},"end":{"line":161,"column":null}},"type":"binary-expr","locations":[{"start":{"line":155,"column":13},"end":{"line":155,"column":null}},{"start":{"line":156,"column":16},"end":{"line":161,"column":null}}],"line":155}},"s":{"0":0,"1":0,"2":0,"3":0,"4":0,"5":0,"6":0,"7":0,"8":0,"9":0,"10":0,"11":0,"12":0,"13":0,"14":0,"15":0,"16":0,"17":0,"18":0,"19":0,"20":0,"21":0,"22":0,"23":0,"24":0,"25":0,"26":0,"27":0,"28":0,"29":0,"30":0,"31":0,"32":0,"33":0,"34":0,"35":0},"f":{"0":0,"1":0,"2":0,"3":0,"4":0,"5":0,"6":0,"7":0,"8":0,"9":0,"10":0,"11":0,"12":0},"b":{"0":[0,0],"1":[0,0],"2":[0,0],"3":[0,0],"4":[0,0],"5":[0,0],"6":[0,0],"7":[0,0],"8":[0,0],"9":[0,0,0],"10":[0,0],"11":[0,0]},"meta":{"lastBranch":12,"lastFunction":13,"lastStatement":36,"seen":{"s:12:15:19:Infinity":0,"s:21:57:165:Infinity":1,"f:21:57:21:58":0,"s:28:36:28:Infinity":2,"s:29:36:29:Infinity":3,"s:30:46:30:Infinity":4,"s:31:10:31:Infinity":5,"s:33:25:33:Infinity":6,"b:33:25:33:68:33:68:33:Infinity":0,"f:33:37:33:42":1,"s:33:42:33:63":7,"s:35:4:56:Infinity":8,"f:35:14:35:20":2,"s:36:32:41:Infinity":9,"f:36:32:36:33":3,"b:37:12:37:Infinity:undefined:undefined:undefined:undefined":1,"s:37:12:37:Infinity":10,"s:37:29:37:Infinity":11,"s:38:25:38:Infinity":12,"s:39:25:39:Infinity":13,"s:40:12:40:Infinity":14,"s:43:30:45:Infinity":15,"f:43:30:43:36":4,"s:44:12:44:Infinity":16,"b:47:8:50:Infinity:undefined:undefined:undefined:undefined":2,"s:47:8:50:Infinity":17,"s:48:12:48:Infinity":18,"s:49:12:49:Infinity":19,"s:52:8:55:Infinity":20,"f:52:15:52:21":5,"s:53:12:53:Infinity":21,"s:54:12:54:Infinity":22,"s:58:28:67:Infinity":23,"f:58:28:58:29":6,"b:59:8:66:Infinity:undefined:undefined:undefined:undefined":3,"s:59:8:66:Infinity":24,"s:60:25:60:Infinity":25,"s:61:12:64:Infinity":26,"s:65:12:65:Infinity":27,"s:69:4:163:Infinity":28,"b:74:22:74:42:74:42:74:Infinity":4,"b:75:21:75:41:75:41:75:Infinity":5,"b:77:42:77:52:77:52:77:Infinity":6,"b:92:85:92:94:92:94:92:99":7,"f:94:70:94:75":7,"s:94:75:94:Infinity":29,"f:96:33:96:39":8,"s:96:39:96:Infinity":30,"f:110:33:110:39":9,"s:110:39:110:Infinity":31,"b:115:28:117:Infinity:120:28:122:Infinity":8,"f:126:33:126:39":10,"s:126:39:126:Infinity":32,"b:139:13:139:32:139:32:139:Infinity:140:16:151:Infinity":9,"f:141:32:141:Infinity":11,"s:142:24:149:Infinity":33,"b:144:106:144:145:144:145:144:147":10,"f:145:37:145:43":12,"s:146:32:146:Infinity":34,"s:147:32:147:Infinity":35,"b:155:13:155:Infinity:156:16:161:Infinity":11}}}
,"/workspaces/game-helper-demo02/src/components/game/FloatingVoteButton.tsx": {"path":"/workspaces/game-helper-demo02/src/components/game/FloatingVoteButton.tsx","statementMap":{"0":{"start":{"line":9,"column":44},"end":{"line":106,"column":null}},"1":{"start":{"line":10,"column":10},"end":{"line":10,"column":null}},"2":{"start":{"line":10,"column":40},"end":{"line":10,"column":55}},"3":{"start":{"line":11,"column":10},"end":{"line":11,"column":null}},"4":{"start":{"line":11,"column":35},"end":{"line":11,"column":45}},"5":{"start":{"line":12,"column":10},"end":{"line":12,"column":null}},"6":{"start":{"line":12,"column":41},"end":{"line":12,"column":57}},"7":{"start":{"line":13,"column":34},"end":{"line":13,"column":null}},"8":{"start":{"line":16,"column":24},"end":{"line":16,"column":null}},"9":{"start":{"line":16,"column":51},"end":{"line":16,"column":72}},"10":{"start":{"line":24,"column":10},"end":{"line":24,"column":null}},"11":{"start":{"line":24,"column":42},"end":{"line":24,"column":59}},"12":{"start":{"line":25,"column":23},"end":{"line":28,"column":null}},"13":{"start":{"line":31,"column":19},"end":{"line":31,"column":null}},"14":{"start":{"line":32,"column":25},"end":{"line":32,"column":null}},"15":{"start":{"line":33,"column":28},"end":{"line":33,"column":null}},"16":{"start":{"line":34,"column":21},"end":{"line":34,"column":null}},"17":{"start":{"line":35,"column":21},"end":{"line":35,"column":null}},"18":{"start":{"line":36,"column":23},"end":{"line":36,"column":null}},"19":{"start":{"line":38,"column":10},"end":{"line":43,"column":null}},"20":{"start":{"line":39,"column":8},"end":{"line":39,"column":null}},"21":{"start":{"line":39,"column":40},"end":{"line":39,"column":null}},"22":{"start":{"line":40,"column":8},"end":{"line":40,"column":null}},"23":{"start":{"line":41,"column":8},"end":{"line":41,"column":null}},"24":{"start":{"line":42,"column":8},"end":{"line":42,"column":null}},"25":{"start":{"line":42,"column":25},"end":{"line":42,"column":46}},"26":{"start":{"line":46,"column":4},"end":{"line":46,"column":null}},"27":{"start":{"line":46,"column":37},"end":{"line":46,"column":null}},"28":{"start":{"line":49,"column":27},"end":{"line":64,"column":null}},"29":{"start":{"line":50,"column":8},"end":{"line":52,"column":null}},"30":{"start":{"line":51,"column":12},"end":{"line":51,"column":null}},"31":{"start":{"line":53,"column":8},"end":{"line":55,"column":null}},"32":{"start":{"line":54,"column":12},"end":{"line":54,"column":null}},"33":{"start":{"line":56,"column":8},"end":{"line":60,"column":null}},"34":{"start":{"line":57,"column":12},"end":{"line":59,"column":null}},"35":{"start":{"line":61,"column":8},"end":{"line":63,"column":null}},"36":{"start":{"line":67,"column":29},"end":{"line":75,"column":null}},"37":{"start":{"line":68,"column":8},"end":{"line":68,"column":null}},"38":{"start":{"line":68,"column":29},"end":{"line":68,"column":null}},"39":{"start":{"line":69,"column":8},"end":{"line":69,"column":null}},"40":{"start":{"line":69,"column":22},"end":{"line":69,"column":null}},"41":{"start":{"line":70,"column":8},"end":{"line":70,"column":null}},"42":{"start":{"line":70,"column":23},"end":{"line":70,"column":null}},"43":{"start":{"line":71,"column":8},"end":{"line":71,"column":null}},"44":{"start":{"line":71,"column":22},"end":{"line":71,"column":null}},"45":{"start":{"line":72,"column":8},"end":{"line":74,"column":null}},"46":{"start":{"line":77,"column":20},"end":{"line":77,"column":null}},"47":{"start":{"line":79,"column":4},"end":{"line":104,"column":null}},"48":{"start":{"line":101,"column":49},"end":{"line":101,"column":89}}},"fnMap":{"0":{"name":"(anonymous_0)","decl":{"start":{"line":9,"column":44},"end":{"line":9,"column":50}},"loc":{"start":{"line":9,"column":50},"end":{"line":106,"column":null}},"line":9},"1":{"name":"(anonymous_1)","decl":{"start":{"line":10,"column":31},"end":{"line":10,"column":40}},"loc":{"start":{"line":10,"column":40},"end":{"line":10,"column":55}},"line":10},"2":{"name":"(anonymous_2)","decl":{"start":{"line":11,"column":26},"end":{"line":11,"column":35}},"loc":{"start":{"line":11,"column":35},"end":{"line":11,"column":45}},"line":11},"3":{"name":"(anonymous_3)","decl":{"start":{"line":12,"column":32},"end":{"line":12,"column":41}},"loc":{"start":{"line":12,"column":41},"end":{"line":12,"column":57}},"line":12},"4":{"name":"(anonymous_4)","decl":{"start":{"line":16,"column":46},"end":{"line":16,"column":51}},"loc":{"start":{"line":16,"column":51},"end":{"line":16,"column":72}},"line":16},"5":{"name":"(anonymous_5)","decl":{"start":{"line":24,"column":33},"end":{"line":24,"column":42}},"loc":{"start":{"line":24,"column":42},"end":{"line":24,"column":59}},"line":24},"6":{"name":"(anonymous_6)","decl":{"start":{"line":38,"column":36},"end":{"line":38,"column":42}},"loc":{"start":{"line":38,"column":42},"end":{"line":43,"column":7}},"line":38},"7":{"name":"(anonymous_7)","decl":{"start":{"line":42,"column":19},"end":{"line":42,"column":25}},"loc":{"start":{"line":42,"column":25},"end":{"line":42,"column":46}},"line":42},"8":{"name":"(anonymous_8)","decl":{"start":{"line":49,"column":27},"end":{"line":49,"column":33}},"loc":{"start":{"line":49,"column":33},"end":{"line":64,"column":null}},"line":49},"9":{"name":"(anonymous_9)","decl":{"start":{"line":67,"column":29},"end":{"line":67,"column":35}},"loc":{"start":{"line":67,"column":35},"end":{"line":75,"column":null}},"line":67},"10":{"name":"(anonymous_10)","decl":{"start":{"line":101,"column":44},"end":{"line":101,"column":49}},"loc":{"start":{"line":101,"column":49},"end":{"line":101,"column":89}},"line":101}},"branchMap":{"0":{"loc":{"start":{"line":25,"column":23},"end":{"line":28,"co
[...]
":7,"column":59},"end":{"line":7,"column":75}},"line":7},"4":{"name":"(anonymous_4)","decl":{"start":{"line":8,"column":54},"end":{"line":8,"column":59}},"loc":{"start":{"line":8,"column":59},"end":{"line":8,"column":75}},"line":8},"5":{"name":"(anonymous_5)","decl":{"start":{"line":24,"column":21},"end":{"line":24,"column":22}},"loc":{"start":{"line":24,"column":35},"end":{"line":45,"column":null}},"line":24},"6":{"name":"(anonymous_6)","decl":{"start":{"line":27,"column":12},"end":{"line":27,"column":13}},"loc":{"start":{"line":27,"column":23},"end":{"line":43,"column":9}},"line":27},"7":{"name":"(anonymous_7)","decl":{"start":{"line":29,"column":60},"end":{"line":29,"column":65}},"loc":{"start":{"line":29,"column":65},"end":{"line":29,"column":85}},"line":29},"8":{"name":"(anonymous_8)","decl":{"start":{"line":30,"column":58},"end":{"line":30,"column":63}},"loc":{"start":{"line":30,"column":63},"end":{"line":30,"column":80}},"line":30},"9":{"name":"(anonymous_9)","decl":{"start":{"line":47,"column":26},"end":{"line":47,"column":27}},"loc":{"start":{"line":47,"column":49},"end":{"line":61,"column":null}},"line":47},"10":{"name":"(anonymous_10)","decl":{"start":{"line":48,"column":12},"end":{"line":48,"column":13}},"loc":{"start":{"line":48,"column":23},"end":{"line":59,"column":9}},"line":48},"11":{"name":"(anonymous_11)","decl":{"start":{"line":50,"column":72},"end":{"line":50,"column":77}},"loc":{"start":{"line":50,"column":77},"end":{"line":50,"column":95}},"line":50},"12":{"name":"(anonymous_12)","decl":{"start":{"line":63,"column":20},"end":{"line":63,"column":21}},"loc":{"start":{"line":63,"column":32},"end":{"line":75,"column":null}},"line":63},"13":{"name":"(anonymous_13)","decl":{"start":{"line":64,"column":12},"end":{"line":64,"column":13}},"loc":{"start":{"line":64,"column":23},"end":{"line":73,"column":9}},"line":64},"14":{"name":"(anonymous_14)","decl":{"start":{"line":66,"column":56},"end":{"line":66,"column":61}},"loc":{"start":{"line":66,"column":61},"end":{"line":66,"column":76}},"line":66}},"branchMap":{"0":{"loc":{"start":{"line":6,"column":12},"end":{"line":19,"column":null}},"type":"if","locations":[{"start":{"line":6,"column":12},"end":{"line":19,"column":null}},{"start":{},"end":{}}],"line":6},"1":{"loc":{"start":{"line":9,"column":16},"end":{"line":18,"column":null}},"type":"if","locations":[{"start":{"line":9,"column":16},"end":{"line":18,"column":null}},{"start":{},"end":{}}],"line":9},"2":{"loc":{"start":{"line":9,"column":20},"end":{"line":9,"column":30}},"type":"binary-expr","locations":[{"start":{"line":9,"column":20},"end":{"line":9,"column":26}},{"start":{"line":9,"column":26},"end":{"line":9,"column":30}}],"line":9},"3":{"loc":{"start":{"line":26,"column":8},"end":{"line":26,"column":null}},"type":"if","locations":[{"start":{"line":26,"column":8},"end":{"line":26,"column":null}},{"start":{},"end":{}}],"line":26},"4":{"loc":{"start":{"line":28,"column":12},"end":{"line":42,"column":null}},"type":"if","locations":[{"start":{"line":28,"column":12},"end":{"line":42,"column":null}},{"start":{},"end":{}}],"line":28},"5":{"loc":{"start":{"line":31,"column":16},"end":{"line":41,"column":null}},"type":"if","locations":[{"start":{"line":31,"column":16},"end":{"line":41,"column":null}},{"start":{},"end":{}}],"line":31},"6":{"loc":{"start":{"line":31,"column":20},"end":{"line":31,"column":48}},"type":"binary-expr","locations":[{"start":{"line":31,"column":20},"end":{"line":31,"column":32}},{"start":{"line":31,"column":32},"end":{"line":31,"column":48}}],"line":31},"7":{"loc":{"start":{"line":49,"column":12},"end":{"line":58,"column":null}},"type":"if","locations":[{"start":{"line":49,"column":12},"end":{"line":58,"column":null}},{"start":{},"end":{}}],"line":49},"8":{"loc":{"start":{"line":51,"column":16},"end":{"line":57,"column":null}},"type":"if","locations":[{"start":{"line":51,"column":16},"end":{"line":57,"column":null}},{"start":{},"end":{}}],"line":51},"9":{"loc":{"start":{"line":53,"column":20},"end":{"line":55,"column":null}},"type":"if","locations":[{"start":{"line":53,"column":20},"end":{"line":55,"column":null}},{"start":{},"end":{}}],"line":53},"10":{"loc":{"start":{"line":65,"column":12},"end":{"line":72,"column":null}},"type":"if","locations":[{"start":{"line":65,"column":12},"end":{"line":72,"column":null}},{"start":{},"end":{}}],"line":65},"11":{"loc":{"start":{"line":67,"column":16},"end":{"line":71,"column":null}},"type":"if","locations":[{"start":{"line":67,"column":16},"end":{"line":71,"column":null}},{"start":{},"end":{}}],"line":67}},"s":{"0":2,"1":10,"2":0,"3":0,"4":0,"5":0,"6":0,"7":0,"8":0,"9":0,"10":0,"11":0,"12":0,"13":0,"14":0,"15":0,"16":0,"17":0,"18":0,"19":0,"20":0,"21":0,"22":0,"23":0,"24":0,"25":0,"26":0,"27":0,"28":0,"29":0,"30":0,"31":0,"32":0,"33":0,"34":0,"35":0,"36":0,"37":0,"38":0,"39":0,"40":0,"41":0,"42":0,"43":0,"44":0,"45":0},"f":{"0":10,"1":0,"2":0,"3":0,"4":0,"5":0,"6":0,"7":0,"8":0,"9":0,"10":0,"11":0,"12":0,"13":0,"14":0},"b":{"0":[0,0],"1":[0,0],"2":[0,0],"3":[0,0],"4":[0,0],"5":[0,0],"6":[0,0],"7":[0,0],"8":[0,0],"9":[0,0],"10":[0,0],"11":[0,0]},"meta":{"lastBranch":12,"lastFunction":15,"lastStatement":46,"seen":{"s:3:145:76:Infinity":0,"f:3:145:3:146":0,"s:3:160:76:Infinity":1,"f:4:15:4:16":1,"s:5:8:20:Infinity":2,"f:5:12:5:13":2,"b:6:12:19:Infinity:undefined:undefined:undefined:undefined":0,"s:6:12:19:Infinity":3,"s:7:27:7:Infinity":4,"f:7:54:7:59":3,"s:7:59:7:75":5,"s:8:27:8:Infinity":6,"f:8:54:8:59":4,"s:8:59:8:75":7,"b:9:16:18:Infinity:undefined:undefined:undefined:undefined":1,"s:9:16:18:Infinity":8,"b:9:20:9:26:9:26:9:30":2,"s:10:37:10:Infinity":9,"s:11:20:11:Infinity":10,"s:12:20:12:Infinity":11,"s:13:20:13:Infinity":12,"s:15:20:15:Infinity":13,"s:16:20:16:Infinity":14,"s:17:20:17:Infinity":15,"s:21:8:21:Infinity":16,"f:24:21:24:22":5,"s:25:25:25:Infinity":17,"b:26:8:26:Infinity:undefined:undefined:undefined:undefined":3,"s:26:8:26:Infinity":18,"s:26:19:26:Infinity":19,"s:27:8:43:Infinity":20,"f:27:12:27:13":6,"b:28:12:42:Infinity:undefined:undefined:undefined:undefined":4,"s:28:12:42:Infinity":21,"s:29:33:29:Infinity":22,"f:29:60:29:65":7,"s:29:65:29:85":23,"s:30:31:30:Infinity":24,"f:30:58:30:63":8,"s:30:63:30:80":25,"b:31:16:41:Infinity:undefined:undefined:undefined:undefined":5,"s:31:16:41:Infinity":26,"b:31:20:31:32:31:32:31:48":6,"s:32:20:40:Infinity":27,"s:44:8:44:Infinity":28,"f:47:26:47:27":9,"s:48:8:59:Infinity":29,"f:48:12:48:13":10,"b:49:12:58:Infinity:undefined:undefined:undefined:undefined":7,"s:49:12:58:Infinity":30,"s:50:33:50:Infinity":31,"f:50:72:50:77":11,"s:50:77:50:95":32,"b:51:16:57:Infinity:undefined:undefined:undefined:undefined":8,"s:51:16:57:Infinity":33,"b:53:20:55:Infinity:undefined:undefined:undefined:undefined":9,"s:53:20:55:Infinity":34,"s:56:20:56:Infinity":35,"s:60:8:60:Infinity":36,"f:63:20:63:21":12,"s:64:8:73:Infinity":37,"f:64:12:64:13":13,"b:65:12:72:Infinity:undefined:undefined:undefined:undefined":10,"s:65:12:72:Infinity":38,"s:66:29:66:Infinity":39,"f:66:56:66:61":14,"s:66:61:66:76":40,"b:67:16:71:Infinity:undefined:undefined:undefined:undefined":11,"s:67:16:71:Infinity":41,"s:68:20:68:Infinity":42,"s:69:20:69:Infinity":43,"s:70:20:70:Infinity":44,"s:74:8:74:Infinity":45}}}
,"/workspaces/game-helper-demo02/src/store/slices/game/utils.ts": {"path":"/workspaces/game-helper-demo02/src/store/slices/game/utils.ts","statementMap":{"0":{"start":{"line":4,"column":31},"end":{"line":57,"column":null}},"1":{"start":{"line":4,"column":106},"end":{"line":57,"column":null}},"2":{"start":{"line":12,"column":56},"end":{"line":28,"column":6}},"3":{"start":{"line":59,"column":33},"end":{"line":59,"column":null}},"4":{"start":{"line":61,"column":35},"end":{"line":110,"column":null}},"5":{"start":{"line":62,"column":4},"end":{"line":62,"column":null}},"6":{"start":{"line":62,"column":15},"end":{"line":62,"column":null}},"7":{"start":{"line":64,"column":4},"end":{"line":64,"column":null}},"8":{"start":{"line":65,"column":4},"end":{"line":65,"column":null}},"9":{"start":{"line":66,"column":4},"end":{"line":66,"column":null}},"10":{"start":{"line":67,"column":4},"end":{"line":67,"column":null}},"11":{"start":{"line":68,"column":4},"end":{"line":68,"column":null}},"12":{"start":{"line":70,"column":4},"end":{"line":72,"column":null}},"13":{"start":{"line":71,"column":8},"end":{"line":71,"column":null}},"14":{"start":{"line":74,"column":19},"end":{"line":74,"column":null}},"15":{"start":{"line":76,"column":26},"end":{"line":78,"column":null}},"16":{"start":{"line":77,"column":21},"end":{"line":77,"column":53}},"17":{"start":{"line":78,"column":18},"end":{"line":78,"column":31}},"18":{"start":{"line":80,"column":26},"end":{"line":87,"column":null}},"19":{"start":{"line":81,"column":35},"end":{"line":84,"column":null}},"20":{"start":{"line":82,"column":23},"end":{"line":82,"column":32}},"21":{"start":{"line":83,"column":25},"end":{"line":83,"column":90}},"22":{"start":{"line":84,"column":22},"end":{"line":84,"column":27}},"23":{"start":{"line":85,"column":21},"end":{"line":85,"column":null}},"24":{"start":{"line":86,"column":8},"end":{"line":86,"column":null}},"25":{"start":{"line":89,"column":4},"end":{"line":93,"column":null}},"26":{"start":{"line":90,"column":25},"end":{"line":90,"column":null}},"27":{"start":{"line":91,"column":8},"end":{"line":91,"column":null}},"28":{"start":{"line":92,"column":8},"end":{"line":92,"column":null}},"29":{"start":{"line":95,"column":4},"end":{"line":103,"column":null}},"30":{"start":{"line":96,"column":23},"end":{"line":99,"column":null}},"31":{"start":{"line":97,"column":23},"end":{"line":97,"column":32}},"32":{"start":{"line":98,"column":25},"end":{"line":98,"column":53}},"33":{"start":{"line":99,"column":22},"end":{"line":99,"column":27}},"34":{"start":{"line":100,"column":26},"end":{"line":100,"column":null}},"35":{"start":{"line":101,"column":8},"end":{"line":101,"column":null}},"36":{"start":{"line":102,"column":8},"end":{"line":102,"column":null}},"37":{"start":{"line":105,"column":4},"end":{"line":109,"column":null}},"38":{"start":{"line":106,"column":25},"end":{"line":106,"column":null}},"39":{"start":{"line":107,"column":8},"end":{"line":107,"column":null}},"40":{"start":{"line":108,"column":8},"end":{"line":108,"column":null}}},"fnMap":{"0":{"name":"(anonymous_0)","decl":{"start":{"line":4,"column":31},"end":{"line":4,"column":32}},"loc":{"start":{"line":4,"column":106},"end":{"line":57,"column":null}},"line":4},"1":{"name":"(anonymous_1)","decl":{"start":{"line":12,"column":45},"end":{"line":12,"column":46}},"loc":{"start":{"line":12,"column":56},"end":{"line":28,"column":6}},"line":12},"2":{"name":"(anonymous_2)","decl":{"start":{"line":61,"column":35},"end":{"line":61,"column":36}},"loc":{"start":{"line":61,"column":96},"end":{"line":110,"column":null}},"line":61},"3":{"name":"(anonymous_3)","decl":{"start":{"line":77,"column":16},"end":{"line":77,"column":21}},"loc":{"start":{"line":77,"column":21},"end":{"line":77,"column":53}},"line":77},"4":{"name":"(anonymous_4)","decl":{"start":{"line":78,"column":13},"end":{"line":78,"column":18}},"loc":{"start":{"line":78,"column":18},"end":{"line":78,"column":31}},"line":78},"5":{"name":"(anonymous_5)","decl":{"start":{"line":80,"column":26},"end":{"line":80,"column":47}},"loc":{"start":{"line":80,"column":47},"end":{"line":87,"column":null}},"line":80},"6":{"name":"(anonymous_6)","decl":{"start":{"line":82,"column":17},"end":{"line":82,"column":23}},"loc":{"start":{"line":82,"column":23},"end":{"line":82,"column":32}},"line":82},"7":{"name":"(anonymous_7)","decl":{"start":{"line":83,"column":20},"end":{"line":83,"column":25}},"loc":{"start":{"line":83,"column":25},"end":{"line":83,"column":90}},"line":83},"8":{"name":"(anonymous_8)","decl":{"start":{"line":84,"column":17},"end":{"line":84,"column":22}},"loc":{"start":{"line":84,"column":22},"end":{"line":84,"column":27}},"line":84},"9":{"name":"(anonymous_9)","decl":{"start":{"line":97,"column":17},"end":{"line":97,"column":23}},"loc":{"start":{"line":97,"column":23},"end":{"line":97,"column":32}},"line":97},"10":{"name":"(anonymous_10)","decl":{"start":{"line":98,"column":20},"end":{"line":98,"column":25}},"loc":{"start":{"line":98,"column":25},"end":{"line":98,"column":53}},"line":98},"11":{"name":"(anonymous_11)","decl":{"start":{"line":99,"column":17},"end":{"line":99,"column":22}},"loc":{"start":{"line":99,"column":22},"end":{"line":99,"column":27}},"line":99}},"branchMap":{"0":{"loc":{"start":{"line":4,"column":67},"end":{"line":4,"column":106}},"type":"default-arg","locations":[{"start":{"line":4,"column":85},"end":{"line":4,"column":106}}],"line":4},"1":{"loc":{"start":{"line":62,"column":4},"end":{"line":62,"column":null}},"type":"if","locations":[{"start":{"line":62,"column":4},"end":{"line":62,"column":null}},{"start":{},"end":{}}],"line":62},"2":{"loc":{"start":{"line":70,"column":4},"end":{"line":72,"column":null}},"type":"if","locations":[{"start":{"line":70,"column":4},"end":{"line":72,"column":null}},{"start":{},"end":{}}],"line":70},"3":{"loc":{"start":{"line":77,"column":21},"end":{"line":77,"column":53}},"type":"binary-expr","locations":[{"start":{"line":77,"column":21},"end":{"line":77,"column":37}},{"start":{"line":77,"column":37},"end":{"line":77,"column":53}}],"line":77},"4":{"loc":{"start":{"line":81,"column":35},"end":{"line":84,"column":null}},"type":"binary-expr","locations":[{"start":{"line":81,"column":35},"end":{"line":84,"column":32}},{"start":{"line":84,"column":32},"end":{"line":84,"column":null}}],"line":81},"5":{"loc":{"start":{"line":83,"column":25},"end":{"line":83,"column":90}},"type":"binary-expr","locations":[{"start":{"line":83,"column":25},"end":{"line":83,"column":52}},{"start":{"line":83,"column":52},"end":{"line":83,"column":61}},{"start":{"line":83,"column":61},"end":{"line":83,"column":90}}],"line":83},"6":{"loc":{"start":{"line":85,"column":21},"end":{"line":85,"column":null}},"type":"cond-expr","locations":[{"start":{"line":85,"column":53},"end":{"line":85,"column":74}},{"start":{"line":85,"column":74},"end":{"line":85,"column":null}}],"line":85},"7":{"loc":{"start":{"line":86,"column":15},"end":{"line":86,"column":null}},"type":"binary-expr","locations":[{"start":{"line":86,"column":15},"end":{"line":86,"column":64}},{"start":{"line":86,"column":64},"end":{"line":86,"column":null}}],"line":86},"8":{"loc":{"start":{"line":89,"column":4},"end":{"line":93,"column":null}},"type":"if","locations":[{"start":{"line":89,"column":4},"end":{"line":93,"column":null}},{"start":{},"end":{}}],"line":89},"9":{"loc":{"start":{"line":91,"column":26},"end":{"line":91,"column":null}},"type":"binary-expr","locations":[{"start":{"line":91,"column":26},"end":{"line":91,"column":38}},{"start":{"line":91,"column":38},"end":{"line":91,"column":null}}],"line":91},"10":{"loc":{"start":{"line":92,"column":22},"end":{"line":92,"column":null}},"type":"binary-expr","locations":[{"start":{"line":92,"column":22},"end":{"line":92,"column":34}},{"start":{"line":92,"column":34},"end":{"line":92,"column":null}}],"line":92},"11":{"loc":{"start":{"line":95,"column":4},"end":{"line":103,"column":null}},"type":"if","locations":[{"start":{"line":95,"column":4},"end":{"line":103,"column":null}},{"start":{},"end":{}}],"line":95},"12":{"loc":{"start":{"line":96,"column":23},"end":{"line":99,"column":null}},"type":"binary-expr","locations":[{"start":{"line":96,"column":23},"end":{"line":99,"column":32}},{"start":{"line":99,"column":32},"end":{"line":99,"column":null}}],"line":96},"13":{"loc":{"start":{"line":98,"column":25},"end":{"line":98,"column":53}},"type":"binary-expr","locations":[{"start":{"line":98,"column":25},"end":{"line":98,"column":48}},{"start":{"line":98,"column":48},"end":{"line":98,"column":53}}],"line":98},"14":{"loc":{"start":{"line":100,"column":26},"end":{"line":100,"column":null}},"type":"cond-expr","locations":[{"start":{"line":100,"column":46},"end":{"line":100,"column":58}},{"start":{"line":100,"column":58},"end":{"line":100,"column":null}}],"line":100},"15":{"loc":{"start":{"line":101,"column":26},"end":{"line":101,"column":null}},"type":"binary-expr","locations":[{"start":{"line":101,"column":26},"end":{"line":101,"column":39}},{"start":{"line":101,"column":39},"end":{"line":101,"column":null}}],"line":101},"16":{"loc":{"start":{"line":102,"column":22},"end":{"line":102,"column":null}},"type":"binary-expr","locations":[{"start":{"line":102,"column":22},"end":{"line":102,"column":35}},{"start":{"line":102,"column":35},"end":{"line":102,"column":null}}],"line":102},"17":{"loc":{"start":{"line":105,"column":4},"end":{"line":109,"column":null}},"type":"if","locations":[{"start":{"line":105,"column":4},"end":{"line":109,"column":null}},{"start":{},"end":{}}],"line":105},"18":{"loc":{"start":{"line":107,"column":26},"end":{"line":107,"column":null}},"type":"binary-expr","locations":[{"start":{"line":107,"column":26},"end":{"line":107,"column":38}},{"start":{"line":107,"column":38},"end":{"line":107,"column":null}}],"line":107},"19":{"loc":{"start":{"line":108,"column":22},"end":{"line":108,"column":null}},"type":"binary-expr","locations":[{"start":{"line":108,"column":22},"end":{"line":108,"column":34}},{"start":{"line":108,"column":34},"end":{"line":108,"column":null}}],"line":108}},"s":{"0":2,"1":9,"2":44,"3":2,"4":2,"5":30,"6":0,"7":30,"8":30,"9":30,"10":30,"11":30,"12":30,"13":0,"14":30,"15":30,"16":150,"17":60,"18":30,"19":0,"20":0,"21":0,"22":0,"23":0,"24":0,"25":30,"26":0,"27":0,"28":0,"29":30,"30":0,"31":0,"32":0,"33":0,"34":0,"35":0,"36":0,"37":30,"38":0,"39":0,"40":0},"f":{"0":9,"1":44,"2":30,"3":150,"4":60,"5":0,"6":0,"7":0,"8":0,"9":0,"10":0,"11":0},"b":{"0":[9],"1":[0,30],"2":[0,30],"3":[150,90],"4":[0,0],"5":[0,0,0],"6":[0,0],"7":[0,0],"8":[0,30],"9":[0,0],"10":[0,0],"11":[0,30],"12":[0,0],"13":[0,0],"14":[0,0],"15":[0,0],"16":[0,0],"17":[0,30],"18":[0,0],"19":[0,0]},"meta":{"lastBranch":20,"lastFunction":12,"lastStatement":41,"seen":{"s:4:31:57:Infinity":0,"f:4:31:4:32":0,"s:4:106:57:Infinity":1,"b:4:85:4:106":0,"f:12:45:12:46":1,"s:12:56:28:6":2,"s:59:33:59:Infinity":3,"s:61:35:110:Infinity":4,"f:61:35:61:36":2,"b:62:4:62:Infinity:undefined:undefined:undefined:undefined":1,"s:62:4:62:Infinity":5,"s:62:15:62:Infinity":6,"s:64:4:64:Infinity":7,"s:65:4:65:Infinity":8,"s:66:4:66:Infinity":9,"s:67:4:67:Infinity":10,"s:68:4:68:Infinity":11,"b:70:4:72:Infinity:undefined:undefined:undefined:undefined":2,"s:70:4:72:Infinity":12,"s:71:8:71:Infinity":13,"s:74:19:74:Infinity":14,"s:76:26:78:Infinity":15,"f:77:16:77:21":3,"s:77:21:77:53":16,"b:77:21:77:37:77:37:77:53":3,"f:78:13:78:18":4,"s:78:18:78:31":17,"s:80:26:87:Infinity":18,"f:80:26:80:47":5,"s:81:35:84:Infinity":19,"b:81:35:84:32:84:32:84:Infinity":4,"f:82:17:82:23":6,"s:82:23:82:32":20,"f:83:20:83:25":7,"s:83:25:83:90":21,"b:83:25:83:52:83:52:83:61:83:61:83:90":5,"f:84:17:84:22":8,"s:84:22:84:27":22,"s:85:21:85:Infinity":23,"b:85:53:85:74:85:74:85:Infinity":6,"s:86:8:86:Infinity":24,"b:86:15:86:64:86:64:86:Infinity":7,"b:89:4:93:Infinity:undefined:undefined:undefined:undefined":8,"s:89:4:93:Infinity":25,"s:90:25:90:Infinity":26,"s:91:8:91:Infinity":27,"b:91:26:91:38:91:38:91:Infinity":9,"s:92:8:92:Infinity":28,"b:92:22:92:34:92:34:92:Infinity":10,"b:95:4:103:Infinity:undefined:undefined:undefined:undefined":11,"s:95:4:103:Infinity":29,"s:96:23:99:Infinity":30,"b:96:23:99:32:99:32:99:Infinity":12,"f:97:17:97:23":9,"s:97:23:97:32":31,"f:98:20:98:25":10,"s:98:25:98:53":32,"b:98:25:98:48:98:48:98:53":13,"f:99:17:99:22":11,"s:99:22:99:27":33,"s:100:26:100:Infinity":34,"b:100:46:100:58:100:58:100:Infinity":14,"s:101:8:101:Infinity":35,"b:101:26:101:39:101:39:101:Infinity":15,"s:102:8:102:Infinity":36,"b:102:22:102:35:102:35:102:Infinity":16,"b:105:4:109:Infinity:undefined:undefined:undefined:undefined":17,"s:105:4:109:Infinity":37,"s:106:25:106:Infinity":38,"s:107:8:107:Infinity":39,"b:107:26:107:38:107:38:107:Infinity":18,"s:108:8:108:Infinity":40,"b:108:22:108:34:108:34:108:Infinity":19}}}
}
